{"D:\\code\\learn\\vue-assemble-ui-node\\dist\\app.js":{"path":"D:\\code\\learn\\vue-assemble-ui-node\\dist\\app.js","statementMap":{"0":{"start":{"line":2,"column":0},"end":{"line":2,"column":62}},"1":{"start":{"line":3,"column":0},"end":{"line":3,"column":24}},"2":{"start":{"line":9,"column":14},"end":{"line":9,"column":32}},"3":{"start":{"line":10,"column":11},"end":{"line":10,"column":26}},"4":{"start":{"line":11,"column":13},"end":{"line":11,"column":30}},"5":{"start":{"line":12,"column":19},"end":{"line":12,"column":43}},"6":{"start":{"line":13,"column":17},"end":{"line":13,"column":39}},"7":{"start":{"line":14,"column":13},"end":{"line":14,"column":31}},"8":{"start":{"line":15,"column":15},"end":{"line":15,"column":41}},"9":{"start":{"line":16,"column":28},"end":{"line":84,"column":3}},"10":{"start":{"line":21,"column":8},"end":{"line":21,"column":29}},"11":{"start":{"line":22,"column":8},"end":{"line":22,"column":22}},"12":{"start":{"line":23,"column":8},"end":{"line":23,"column":22}},"13":{"start":{"line":24,"column":8},"end":{"line":24,"column":24}},"14":{"start":{"line":30,"column":4},"end":{"line":39,"column":6}},"15":{"start":{"line":31,"column":8},"end":{"line":31,"column":29}},"16":{"start":{"line":32,"column":8},"end":{"line":32,"column":64}},"17":{"start":{"line":33,"column":8},"end":{"line":33,"column":43}},"18":{"start":{"line":34,"column":8},"end":{"line":34,"column":36}},"19":{"start":{"line":35,"column":8},"end":{"line":35,"column":40}},"20":{"start":{"line":36,"column":8},"end":{"line":36,"column":65}},"21":{"start":{"line":37,"column":8},"end":{"line":37,"column":37}},"22":{"start":{"line":38,"column":8},"end":{"line":38,"column":72}},"23":{"start":{"line":44,"column":4},"end":{"line":46,"column":6}},"24":{"start":{"line":45,"column":8},"end":{"line":45,"column":66}},"25":{"start":{"line":51,"column":4},"end":{"line":54,"column":6}},"26":{"start":{"line":52,"column":8},"end":{"line":52,"column":38}},"27":{"start":{"line":53,"column":8},"end":{"line":53,"column":41}},"28":{"start":{"line":62,"column":4},"end":{"line":66,"column":6}},"29":{"start":{"line":63,"column":18},"end":{"line":63,"column":40}},"30":{"start":{"line":64,"column":8},"end":{"line":64,"column":28}},"31":{"start":{"line":65,"column":8},"end":{"line":65,"column":18}},"32":{"start":{"line":75,"column":4},"end":{"line":82,"column":6}},"33":{"start":{"line":77,"column":8},"end":{"line":77,"column":38}},"34":{"start":{"line":78,"column":8},"end":{"line":81,"column":11}},"35":{"start":{"line":83,"column":4},"end":{"line":83,"column":18}},"36":{"start":{"line":85,"column":0},"end":{"line":85,"column":24}}},"fnMap":{"0":{"name":"(anonymous_0)","decl":{"start":{"line":16,"column":28},"end":{"line":16,"column":29}},"loc":{"start":{"line":16,"column":40},"end":{"line":84,"column":1}},"line":16},"1":{"name":"Server","decl":{"start":{"line":20,"column":13},"end":{"line":20,"column":19}},"loc":{"start":{"line":20,"column":22},"end":{"line":25,"column":5}},"line":20},"2":{"name":"(anonymous_2)","decl":{"start":{"line":30,"column":30},"end":{"line":30,"column":31}},"loc":{"start":{"line":30,"column":42},"end":{"line":39,"column":5}},"line":30},"3":{"name":"(anonymous_3)","decl":{"start":{"line":44,"column":30},"end":{"line":44,"column":31}},"loc":{"start":{"line":44,"column":42},"end":{"line":46,"column":5}},"line":44},"4":{"name":"(anonymous_4)","decl":{"start":{"line":51,"column":32},"end":{"line":51,"column":33}},"loc":{"start":{"line":51,"column":44},"end":{"line":54,"column":5}},"line":51},"5":{"name":"(anonymous_5)","decl":{"start":{"line":62,"column":22},"end":{"line":62,"column":23}},"loc":{"start":{"line":62,"column":48},"end":{"line":66,"column":5}},"line":62},"6":{"name":"(anonymous_6)","decl":{"start":{"line":75,"column":25},"end":{"line":75,"column":26}},"loc":{"start":{"line":75,"column":56},"end":{"line":82,"column":5}},"line":75}},"branchMap":{"0":{"loc":{"start":{"line":77,"column":19},"end":{"line":77,"column":36}},"type":"binary-expr","locations":[{"start":{"line":77,"column":19},"end":{"line":77,"column":29}},{"start":{"line":77,"column":33},"end":{"line":77,"column":36}}],"line":77}},"s":{"0":0,"1":0,"2":0,"3":0,"4":0,"5":0,"6":0,"7":0,"8":0,"9":0,"10":0,"11":0,"12":0,"13":0,"14":0,"15":0,"16":0,"17":0,"18":0,"19":0,"20":0,"21":0,"22":0,"23":0,"24":0,"25":0,"26":0,"27":0,"28":0,"29":0,"30":0,"31":0,"32":0,"33":0,"34":0,"35":0,"36":0},"f":{"0":0,"1":0,"2":0,"3":0,"4":0,"5":0,"6":0},"b":{"0":[0,0]},"inputSourceMap":{"version":3,"file":"app.js","sourceRoot":"","sources":["../app/app.ts"],"names":[],"mappings":";;;AAAA;;;;EAIE;AACF,iCAAmC;AACnC,2BAA6B;AAC7B,+BAAiC;AACjC,4CAA8C;AAC9C,wCAA0C;AAC1C,gCAAkC;AAClC,0CAAuC;AAQvC;IAGI;;OAEG;IACH;QACI,IAAI,CAAC,GAAG,GAAG,OAAO,EAAE,CAAC;QAErB,IAAI,CAAC,MAAM,EAAE,CAAC;QAEd,IAAI,CAAC,MAAM,EAAE,CAAC;QAEd,IAAI,CAAC,QAAQ,EAAE,CAAC;IACpB,CAAC;IAED;;;OAGG;IACK,uBAAM,GAAd;QACI,IAAI,CAAC,GAAG,CAAC,GAAG,CAAC,MAAM,CAAC,CAAC;QACrB,IAAI,CAAC,GAAG,CAAC,GAAG,CAAC,OAAO,EAAE,IAAI,CAAC,IAAI,CAAC,SAAS,EAAE,UAAU,CAAC,CAAC,CAAC;QACxD,IAAI,CAAC,GAAG,CAAC,GAAG,CAAC,aAAa,EAAE,KAAK,CAAC,CAAC;QACnC,IAAI,CAAC,GAAG,CAAC,GAAG,CAAC,MAAM,CAAC,KAAK,CAAC,CAAC,CAAC;QAC5B,IAAI,CAAC,GAAG,CAAC,GAAG,CAAC,UAAU,CAAC,IAAI,EAAE,CAAC,CAAC;QAChC,IAAI,CAAC,GAAG,CAAC,GAAG,CAAC,UAAU,CAAC,UAAU,CAAC,EAAC,QAAQ,EAAE,KAAK,EAAC,CAAC,CAAC,CAAC;QACvD,IAAI,CAAC,GAAG,CAAC,GAAG,CAAC,YAAY,EAAE,CAAC,CAAC;QAC7B,IAAI,CAAC,GAAG,CAAC,GAAG,CAAC,OAAO,CAAC,MAAM,CAAC,IAAI,CAAC,IAAI,CAAC,SAAS,EAAE,WAAW,CAAC,CAAC,CAAC,CAAC;IACpE,CAAC;IAED;;;OAGG;IACK,uBAAM,GAAd;QACI,IAAI,CAAC,GAAG,CAAC,GAAG,CAAC,GAAG,EAAE,CAAC,IAAI,gBAAQ,EAAE,CAAC,CAAC,WAAW,EAAE,CAAC,CAAC;IACtD,CAAC;IAED;;;OAGG;IACK,yBAAQ,GAAhB;QAEI,IAAI,CAAC,GAAG,CAAC,GAAG,CAAC,MAAM,CAAC,QAAQ,CAAC,CAAC;QAE9B,IAAI,CAAC,GAAG,CAAC,GAAG,CAAC,MAAM,CAAC,WAAW,CAAC,CAAC;IACrC,CAAC;IAED;;;;;;OAMG;IACY,eAAQ,GAAvB,UACI,GAAoB,EACpB,GAAqB,EACrB,IAA0B;QAE1B,IAAM,GAAG,GAAG,IAAI,KAAK,CAAC,WAAW,CAAC,CAAC;QACnC,GAAG,CAAC,QAAQ,CAAC,GAAG,GAAG,CAAC;QACpB,IAAI,CAAC,GAAG,CAAC,CAAC;IACd,CAAC;IAED;;;;;;;OAOG;IACY,kBAAW,GAA1B,UACI,GAAc,EACd,GAAoB,EACpB,GAAqB,EACrB,IAA0B;QAE1B,4CAA4C;QAC5C,GAAG,CAAC,MAAM,CAAC,GAAG,CAAC,MAAM,IAAI,GAAG,CAAC,CAAC;QAC9B,GAAG,CAAC,MAAM,CAAC,OAAO,EAAE;YAChB,OAAO,EAAE,GAAG,CAAC,OAAO;YACpB,KAAK,EAAE,GAAG;SACb,CAAC,CAAC;IACP,CAAC;IACL,aAAC;AAAD,CAAC,AAxFD,IAwFC;AAxFY,wBAAM"},"all":true},"D:\\code\\learn\\vue-assemble-ui-node\\dist\\bin\\www.js":{"path":"D:\\code\\learn\\vue-assemble-ui-node\\dist\\bin\\www.js","statementMap":{"0":{"start":{"line":2,"column":0},"end":{"line":2,"column":62}},"1":{"start":{"line":8,"column":12},"end":{"line":8,"column":29}},"2":{"start":{"line":9,"column":12},"end":{"line":9,"column":28}},"3":{"start":{"line":10,"column":11},"end":{"line":10,"column":26}},"4":{"start":{"line":11,"column":33},"end":{"line":84,"column":3}},"5":{"start":{"line":16,"column":8},"end":{"line":16,"column":44}},"6":{"start":{"line":17,"column":19},"end":{"line":17,"column":65}},"7":{"start":{"line":18,"column":8},"end":{"line":18,"column":35}},"8":{"start":{"line":19,"column":21},"end":{"line":19,"column":48}},"9":{"start":{"line":20,"column":8},"end":{"line":20,"column":29}},"10":{"start":{"line":21,"column":8},"end":{"line":21,"column":28}},"11":{"start":{"line":22,"column":8},"end":{"line":22,"column":52}},"12":{"start":{"line":23,"column":8},"end":{"line":23,"column":60}},"13":{"start":{"line":24,"column":8},"end":{"line":24,"column":55}},"14":{"start":{"line":31,"column":4},"end":{"line":45,"column":6}},"15":{"start":{"line":32,"column":19},"end":{"line":32,"column":36}},"16":{"start":{"line":33,"column":8},"end":{"line":37,"column":9}},"17":{"start":{"line":35,"column":12},"end":{"line":35,"column":28}},"18":{"start":{"line":36,"column":12},"end":{"line":36,"column":23}},"19":{"start":{"line":38,"column":8},"end":{"line":42,"column":9}},"20":{"start":{"line":40,"column":12},"end":{"line":40,"column":29}},"21":{"start":{"line":41,"column":12},"end":{"line":41,"column":24}},"22":{"start":{"line":43,"column":8},"end":{"line":43,"column":26}},"23":{"start":{"line":44,"column":8},"end":{"line":44,"column":21}},"24":{"start":{"line":51,"column":4},"end":{"line":71,"column":6}},"25":{"start":{"line":52,"column":8},"end":{"line":54,"column":9}},"26":{"start":{"line":53,"column":12},"end":{"line":53,"column":24}},"27":{"start":{"line":55,"column":19},"end":{"line":57,"column":33}},"28":{"start":{"line":59,"column":8},"end":{"line":70,"column":9}},"29":{"start":{"line":61,"column":16},"end":{"line":61,"column":70}},"30":{"start":{"line":62,"column":16},"end":{"line":62,"column":32}},"31":{"start":{"line":63,"column":16},"end":{"line":63,"column":22}},"32":{"start":{"line":65,"column":16},"end":{"line":65,"column":59}},"33":{"start":{"line":66,"column":16},"end":{"line":66,"column":32}},"34":{"start":{"line":67,"column":16},"end":{"line":67,"column":22}},"35":{"start":{"line":69,"column":16},"end":{"line":69,"column":28}},"36":{"start":{"line":76,"column":4},"end":{"line":82,"column":6}},"37":{"start":{"line":77,"column":19},"end":{"line":77,"column":40}},"38":{"start":{"line":78,"column":19},"end":{"line":80,"column":33}},"39":{"start":{"line":81,"column":8},"end":{"line":81,"column":38}},"40":{"start":{"line":83,"column":4},"end":{"line":83,"column":23}},"41":{"start":{"line":85,"column":0},"end":{"line":85,"column":36}}},"fnMap":{"0":{"name":"(anonymous_0)","decl":{"start":{"line":11,"column":33},"end":{"line":11,"column":34}},"loc":{"start":{"line":11,"column":45},"end":{"line":84,"column":1}},"line":11},"1":{"name":"WwwFunction","decl":{"start":{"line":15,"column":13},"end":{"line":15,"column":24}},"loc":{"start":{"line":15,"column":27},"end":{"line":25,"column":5}},"line":15},"2":{"name":"(anonymous_2)","decl":{"start":{"line":31,"column":42},"end":{"line":31,"column":43}},"loc":{"start":{"line":31,"column":57},"end":{"line":45,"column":5}},"line":31},"3":{"name":"(anonymous_3)","decl":{"start":{"line":51,"column":36},"end":{"line":51,"column":37}},"loc":{"start":{"line":51,"column":53},"end":{"line":71,"column":5}},"line":51},"4":{"name":"(anonymous_4)","decl":{"start":{"line":76,"column":40},"end":{"line":76,"column":41}},"loc":{"start":{"line":76,"column":52},"end":{"line":82,"column":5}},"line":76}},"branchMap":{"0":{"loc":{"start":{"line":17,"column":38},"end":{"line":17,"column":64}},"type":"binary-expr","locations":[{"start":{"line":17,"column":38},"end":{"line":17,"column":54}},{"start":{"line":17,"column":58},"end":{"line":17,"column":64}}],"line":17},"1":{"loc":{"start":{"line":33,"column":8},"end":{"line":37,"column":9}},"type":"if","locations":[{"start":{"line":33,"column":8},"end":{"line":37,"column":9}},{"start":{"line":33,"column":8},"end":{"line":37,"column":9}}],"line":33},"2":{"loc":{"start":{"line":38,"column":8},"end":{"line":42,"column":9}},"type":"if","locations":[{"start":{"line":38,"column":8},"end":{"line":42,"column":9}},{"start":{"line":38,"column":8},"end":{"line":42,"column":9}}],"line":38},"3":{"loc":{"start":{"line":52,"column":8},"end":{"line":54,"column":9}},"type":"if","locations":[{"start":{"line":52,"column":8},"end":{"line":54,"column":9}},{"start":{"line":52,"column":8},"end":{"line":54,"column":9}}],"line":52},"4":{"loc":{"start":{"line":55,"column":19},"end":{"line":57,"column":33}},"type":"cond-expr","locations":[{"start":{"line":56,"column":14},"end":{"line":56,"column":33}},{"start":{"line":57,"column":14},"end":{"line":57,"column":33}}],"line":55},"5":{"loc":{"start":{"line":59,"column":8},"end":{"line":70,"column":9}},"type":"switch","locations":[{"start":{"line":60,"column":12},"end":{"line":63,"column":22}},{"start":{"line":64,"column":12},"end":{"line":67,"column":22}},{"start":{"line":68,"column":12},"end":{"line":69,"column":28}}],"line":59},"6":{"loc":{"start":{"line":78,"column":19},"end":{"line":80,"column":33}},"type":"cond-expr","locations":[{"start":{"line":79,"column":14},"end":{"line":79,"column":28}},{"start":{"line":80,"column":14},"end":{"line":80,"column":33}}],"line":78}},"s":{"0":0,"1":0,"2":0,"3":0,"4":0,"5":0,"6":0,"7":0,"8":0,"9":0,"10":0,"11":0,"12":0,"13":0,"14":0,"15":0,"16":0,"17":0,"18":0,"19":0,"20":0,"21":0,"22":0,"23":0,"24":0,"25":0,"26":0,"27":0,"28":0,"29":0,"30":0,"31":0,"32":0,"33":0,"34":0,"35":0,"36":0,"37":0,"38":0,"39":0,"40":0,"41":0},"f":{"0":0,"1":0,"2":0,"3":0,"4":0},"b":{"0":[0,0],"1":[0,0],"2":[0,0],"3":[0,0],"4":[0,0],"5":[0,0,0],"6":[0,0]},"inputSourceMap":{"version":3,"file":"www.js","sourceRoot":"","sources":["../../app/bin/www.ts"],"names":[],"mappings":";;AAAA;;;;EAIE;AACF,8BAAmC;AACnC,6BAA+B;AAC/B,2BAA6B;AAE7B;IAKI;;OAEG;IACH;QACI,IAAI,CAAC,GAAG,GAAG,CAAC,IAAI,YAAM,EAAE,CAAC,CAAC,GAAG,CAAC;QAC9B,IAAM,IAAI,GAA8B,IAAI,CAAC,aAAa,CAAC,OAAO,CAAC,GAAG,CAAC,IAAI,IAAI,MAAM,CAAC,CAAC;QAEvF,IAAI,CAAC,GAAG,CAAC,GAAG,CAAC,MAAM,EAAE,IAAI,CAAC,CAAC;QAC3B,IAAM,MAAM,GAAgB,IAAI,CAAC,YAAY,CAAC,IAAI,CAAC,GAAG,CAAC,CAAC;QAExD,IAAI,CAAC,MAAM,GAAG,MAAM,CAAC;QACrB,MAAM,CAAC,MAAM,CAAC,IAAI,CAAC,CAAC;QACpB,MAAM,CAAC,EAAE,CAAC,OAAO,EAAE,IAAI,CAAC,OAAO,CAAC,IAAI,CAAC,IAAI,CAAC,CAAC,CAAC;QAC5C,MAAM,CAAC,EAAE,CAAC,WAAW,EAAE,IAAI,CAAC,WAAW,CAAC,IAAI,CAAC,IAAI,CAAC,CAAC,CAAC;QAEpD,OAAO,CAAC,GAAG,CAAC,0BAA0B,GAAG,IAAI,CAAC,CAAC;IACnD,CAAC;IAED;;;;OAIG;IACH,mCAAa,GAAb,UAAc,GAAW;QACrB,IAAM,IAAI,GAAG,QAAQ,CAAC,GAAG,EAAE,EAAE,CAAC,CAAC;QAE/B,IAAI,KAAK,CAAC,IAAI,CAAC,EAAE;YACb,aAAa;YACb,IAAI,CAAC,IAAI,GAAG,GAAG,CAAC;YAChB,OAAO,GAAG,CAAC;SACd;QAED,IAAI,IAAI,IAAI,CAAC,EAAE;YACX,cAAc;YACd,IAAI,CAAC,IAAI,GAAG,IAAI,CAAC;YACjB,OAAO,IAAI,CAAC;SACf;QACD,IAAI,CAAC,IAAI,GAAG,KAAK,CAAC;QAClB,OAAO,KAAK,CAAC;IACjB,CAAC;IAED;;;;OAIG;IACH,6BAAO,GAAP,UAAQ,KAAK;QACT,IAAI,KAAK,CAAC,OAAO,KAAK,QAAQ,EAAE;YAC5B,MAAM,KAAK,CAAC;SACf;QAED,IAAM,IAAI,GAAG,OAAO,IAAI,CAAC,IAAI,KAAK,QAAQ;YACtC,CAAC,CAAC,OAAO,GAAG,IAAI,CAAC,IAAI;YACrB,CAAC,CAAC,OAAO,GAAG,IAAI,CAAC,IAAI,CAAC;QAE1B,uDAAuD;QACvD,QAAQ,KAAK,CAAC,IAAI,EAAE;YAChB,KAAK,QAAQ;gBACT,OAAO,CAAC,KAAK,CAAC,IAAI,GAAG,+BAA+B,CAAC,CAAC;gBACtD,OAAO,CAAC,IAAI,CAAC,CAAC,CAAC,CAAC;gBAChB,MAAM;YACV,KAAK,YAAY;gBACb,OAAO,CAAC,KAAK,CAAC,IAAI,GAAG,oBAAoB,CAAC,CAAC;gBAC3C,OAAO,CAAC,IAAI,CAAC,CAAC,CAAC,CAAC;gBAChB,MAAM;YACV;gBACI,MAAM,KAAK,CAAC;SACnB;IACL,CAAC;IAED;;;OAGG;IACH,iCAAW,GAAX;QACI,IAAM,IAAI,GAAG,IAAI,CAAC,MAAM,CAAC,OAAO,EAAE,CAAC;QACnC,IAAM,IAAI,GAAG,OAAO,IAAI,KAAK,QAAQ;YACjC,CAAC,CAAC,OAAO,GAAG,IAAI;YAChB,CAAC,CAAC,OAAO,GAAG,IAAI,CAAC,IAAI,CAAC;QAC1B,KAAK,CAAC,eAAe,GAAG,IAAI,CAAC,CAAC;IAClC,CAAC;IACL,kBAAC;AAAD,CAAC,AAtFD,IAsFC;AAED,kBAAe,IAAI,WAAW,EAAE,CAAC"},"all":true},"D:\\code\\learn\\vue-assemble-ui-node\\dist\\cache.js":{"path":"D:\\code\\learn\\vue-assemble-ui-node\\dist\\cache.js","statementMap":{"0":{"start":{"line":2,"column":0},"end":{"line":2,"column":62}},"1":{"start":{"line":9,"column":12},"end":{"line":9,"column":28}},"2":{"start":{"line":10,"column":20},"end":{"line":10,"column":51}},"3":{"start":{"line":11,"column":18},"end":{"line":11,"column":59}},"4":{"start":{"line":12,"column":0},"end":{"line":14,"column":3}},"5":{"start":{"line":13,"column":4},"end":{"line":13,"column":29}},"6":{"start":{"line":15,"column":0},"end":{"line":17,"column":3}},"7":{"start":{"line":16,"column":4},"end":{"line":16,"column":21}},"8":{"start":{"line":18,"column":29},"end":{"line":140,"column":3}},"9":{"start":{"line":27,"column":4},"end":{"line":29,"column":6}},"10":{"start":{"line":28,"column":8},"end":{"line":28,"column":54}},"11":{"start":{"line":35,"column":4},"end":{"line":40,"column":6}},"12":{"start":{"line":36,"column":20},"end":{"line":36,"column":24}},"13":{"start":{"line":37,"column":8},"end":{"line":39,"column":11}},"14":{"start":{"line":38,"column":12},"end":{"line":38,"column":43}},"15":{"start":{"line":47,"column":4},"end":{"line":49,"column":6}},"16":{"start":{"line":48,"column":8},"end":{"line":48,"column":56}},"17":{"start":{"line":55,"column":4},"end":{"line":57,"column":6}},"18":{"start":{"line":56,"column":8},"end":{"line":56,"column":47}},"19":{"start":{"line":65,"column":4},"end":{"line":67,"column":6}},"20":{"start":{"line":66,"column":8},"end":{"line":66,"column":62}},"21":{"start":{"line":74,"column":4},"end":{"line":79,"column":6}},"22":{"start":{"line":75,"column":20},"end":{"line":75,"column":24}},"23":{"start":{"line":76,"column":8},"end":{"line":78,"column":11}},"24":{"start":{"line":77,"column":12},"end":{"line":77,"column":51}},"25":{"start":{"line":86,"column":4},"end":{"line":88,"column":6}},"26":{"start":{"line":87,"column":8},"end":{"line":87,"column":57}},"27":{"start":{"line":95,"column":4},"end":{"line":100,"column":6}},"28":{"start":{"line":96,"column":20},"end":{"line":96,"column":24}},"29":{"start":{"line":97,"column":8},"end":{"line":99,"column":11}},"30":{"start":{"line":98,"column":12},"end":{"line":98,"column":54}},"31":{"start":{"line":106,"column":4},"end":{"line":111,"column":6}},"32":{"start":{"line":107,"column":20},"end":{"line":107,"column":24}},"33":{"start":{"line":108,"column":8},"end":{"line":110,"column":11}},"34":{"start":{"line":109,"column":12},"end":{"line":109,"column":47}},"35":{"start":{"line":117,"column":4},"end":{"line":121,"column":6}},"36":{"start":{"line":118,"column":8},"end":{"line":120,"column":9}},"37":{"start":{"line":119,"column":12},"end":{"line":119,"column":29}},"38":{"start":{"line":127,"column":4},"end":{"line":137,"column":6}},"39":{"start":{"line":128,"column":8},"end":{"line":136,"column":11}},"40":{"start":{"line":129,"column":12},"end":{"line":135,"column":15}},"41":{"start":{"line":130,"column":16},"end":{"line":133,"column":17}},"42":{"start":{"line":131,"column":20},"end":{"line":131,"column":29}},"43":{"start":{"line":132,"column":20},"end":{"line":132,"column":30}},"44":{"start":{"line":134,"column":16},"end":{"line":134,"column":33}},"45":{"start":{"line":138,"column":4},"end":{"line":138,"column":38}},"46":{"start":{"line":139,"column":4},"end":{"line":139,"column":19}},"47":{"start":{"line":141,"column":0},"end":{"line":141,"column":26}}},"fnMap":{"0":{"name":"(anonymous_0)","decl":{"start":{"line":12,"column":31},"end":{"line":12,"column":32}},"loc":{"start":{"line":12,"column":43},"end":{"line":14,"column":1}},"line":12},"1":{"name":"(anonymous_1)","decl":{"start":{"line":15,"column":24},"end":{"line":15,"column":25}},"loc":{"start":{"line":15,"column":39},"end":{"line":17,"column":1}},"line":15},"2":{"name":"(anonymous_2)","decl":{"start":{"line":18,"column":29},"end":{"line":18,"column":30}},"loc":{"start":{"line":18,"column":41},"end":{"line":140,"column":1}},"line":18},"3":{"name":"MyRedis","decl":{"start":{"line":19,"column":13},"end":{"line":19,"column":20}},"loc":{"start":{"line":19,"column":23},"end":{"line":20,"column":5}},"line":19},"4":{"name":"(anonymous_4)","decl":{"start":{"line":27,"column":18},"end":{"line":27,"column":19}},"loc":{"start":{"line":27,"column":40},"end":{"line":29,"column":5}},"line":27},"5":{"name":"(anonymous_5)","decl":{"start":{"line":35,"column":18},"end":{"line":35,"column":19}},"loc":{"start":{"line":35,"column":33},"end":{"line":40,"column":5}},"line":35},"6":{"name":"(anonymous_6)","decl":{"start":{"line":37,"column":27},"end":{"line":37,"column":28}},"loc":{"start":{"line":37,"column":41},"end":{"line":39,"column":9}},"line":37},"7":{"name":"(anonymous_7)","decl":{"start":{"line":47,"column":18},"end":{"line":47,"column":19}},"loc":{"start":{"line":47,"column":39},"end":{"line":49,"column":5}},"line":47},"8":{"name":"(anonymous_8)","decl":{"start":{"line":55,"column":21},"end":{"line":55,"column":22}},"loc":{"start":{"line":55,"column":36},"end":{"line":57,"column":5}},"line":55},"9":{"name":"(anonymous_9)","decl":{"start":{"line":65,"column":19},"end":{"line":65,"column":20}},"loc":{"start":{"line":65,"column":48},"end":{"line":67,"column":5}},"line":65},"10":{"name":"(anonymous_10)","decl":{"start":{"line":74,"column":19},"end":{"line":74,"column":20}},"loc":{"start":{"line":74,"column":41},"end":{"line":79,"column":5}},"line":74},"11":{"name":"(anonymous_11)","decl":{"start":{"line":76,"column":27},"end":{"line":76,"column":28}},"loc":{"start":{"line":76,"column":41},"end":{"line":78,"column":9}},"line":76},"12":{"name":"(anonymous_12)","decl":{"start":{"line":86,"column":20},"end":{"line":86,"column":21}},"loc":{"start":{"line":86,"column":43},"end":{"line":88,"column":5}},"line":86},"13":{"name":"(anonymous_13)","decl":{"start":{"line":95,"column":20},"end":{"line":95,"column":21}},"loc":{"start":{"line":95,"column":44},"end":{"line":100,"column":5}},"line":95},"14":{"name":"(anonymous_14)","decl":{"start":{"line":97,"column":27},"end":{"line":97,"column":28}},"loc":{"start":{"line":97,"column":41},"end":{"line":99,"column":9}},"line":97},"15":{"name":"(anonymous_15)","decl":{"start":{"line":106,"column":22},"end":{"line":106,"column":23}},"loc":{"start":{"line":106,"column":37},"end":{"line":111,"column":5}},"line":106},"16":{"name":"(anonymous_16)","decl":{"start":{"line":108,"column":27},"end":{"line":108,"column":28}},"loc":{"start":{"line":108,"column":41},"end":{"line":110,"column":9}},"line":108},"17":{"name":"(anonymous_17)","decl":{"start":{"line":117,"column":21},"end":{"line":117,"column":22}},"loc":{"start":{"line":117,"column":36},"end":{"line":121,"column":5}},"line":117},"18":{"name":"(anonymous_18)","decl":{"start":{"line":127,"column":21},"end":{"line":127,"column":22}},"loc":{"start":{"line":127,"column":35},"end":{"line":137,"column":5}},"line":127},"19":{"name":"(anonymous_19)","decl":{"start":{"line":128,"column":27},"end":{"line":128,"column":28}},"loc":{"start":{"line":128,"column":54},"end":{"line":136,"column":9}},"line":128},"20":{"name":"(anonymous_20)","decl":{"start":{"line":129,"column":15},"end":{"line":129,"column":16}},"loc":{"start":{"line":129,"column":39},"end":{"line":135,"column":13}},"line":129}},"branchMap":{"0":{"loc":{"start":{"line":118,"column":8},"end":{"line":120,"column":9}},"type":"if","locations":[{"start":{"line":118,"column":8},"end":{"line":120,"column":9}},{"start":{"line":118,"column":8},"end":{"line":120,"column":9}}],"line":118},"1":{"loc":{"start":{"line":130,"column":16},"end":{"line":133,"column":17}},"type":"if","locations":[{"start":{"line":130,"column":16},"end":{"line":133,"column":17}},{"start":{"line":130,"column":16},"end":{"line":133,"column":17}}],"line":130}},"s":{"0":0,"1":0,"2":0,"3":0,"4":0,"5":0,"6":0,"7":0,"8":0,"9":0,"10":0,"11":0,"12":0,"13":0,"14":0,"15":0,"16":0,"17":0,"18":0,"19":0,"20":0,"21":0,"22":0,"23":0,"24":0,"25":0,"26":0,"27":0,"28":0,"29":0,"30":0,"31":0,"32":0,"33":0,"34":0,"35":0,"36":0,"37":0,"38":0,"39":0,"40":0,"41":0,"42":0,"43":0,"44":0,"45":0,"46":0,"47":0},"f":{"0":0,"1":0,"2":0,"3":0,"4":0,"5":0,"6":0,"7":0,"8":0,"9":0,"10":0,"11":0,"12":0,"13":0,"14":0,"15":0,"16":0,"17":0,"18":0,"19":0,"20":0},"b":{"0":[0,0],"1":[0,0]},"inputSourceMap":{"version":3,"file":"cache.js","sourceRoot":"","sources":["../app/cache.ts"],"names":[],"mappings":";;AAAA;;;;;GAKG;AACH,6BAA+B;AAC/B,oDAAgD;AAEhD,IAAM,WAAW,GAAG,KAAK,CAAC,YAAY,CAAC,qBAAY,CAAC,CAAC;AAErD,WAAW,CAAC,IAAI,CAAC,YAAY,EAAE;IAC3B,OAAO,CAAC,GAAG,CAAC,WAAW,CAAC,CAAC;AAC7B,CAAC,CAAC,CAAC;AAEH,WAAW,CAAC,EAAE,CAAC,OAAO,EAAE,UAAU,GAAG;IACjC,OAAO,CAAC,GAAG,CAAC,GAAG,CAAC,CAAC;AACrB,CAAC,CAAC,CAAC;AAEH;IAAA;IA8HA,CAAC;IA3HG;;;;;OAKG;IACI,WAAG,GAAV,UAAW,GAAW,EAAE,KAAa;QACjC,IAAI,CAAC,WAAW,CAAC,GAAG,CAAC,GAAG,EAAE,KAAK,EAAE,IAAI,CAAC,MAAM,CAAC,CAAC;IAClD,CAAC;IAED;;;;OAIG;IACI,WAAG,GAAV,UAAW,GAAG;QAAd,iBAIC;QAHG,OAAO,IAAI,CAAC,MAAM,CAAC,UAAC,EAA0B;YAC1C,KAAI,CAAC,WAAW,CAAC,GAAG,CAAC,GAAG,EAAE,EAAE,CAAC,CAAC;QAClC,CAAC,CAAoB,CAAC;IAC1B,CAAC;IAED;;;;;OAKG;IACI,WAAG,GAAV,UAAW,GAAW,EAAE,IAAY;QAChC,IAAI,CAAC,WAAW,CAAC,MAAM,CAAC,GAAG,EAAE,IAAI,EAAE,IAAI,CAAC,MAAM,CAAC,CAAC;IACpD,CAAC;IAED;;;;OAIG;IACI,cAAM,GAAb,UAAc,GAAW;QACrB,IAAI,CAAC,WAAW,CAAC,GAAG,CAAC,GAAG,EAAE,IAAI,CAAC,MAAM,CAAC,CAAC;IAC3C,CAAC;IAED;;;;;;OAMG;IACI,YAAI,GAAX,UAAY,GAAW,EAAE,KAAa,EAAE,KAAa;QACjD,IAAI,CAAC,WAAW,CAAC,IAAI,CAAC,GAAG,EAAE,KAAK,EAAE,KAAK,EAAE,IAAI,CAAC,MAAM,CAAC,CAAC;IAC1D,CAAC;IAED;;;;;OAKG;IACI,YAAI,GAAX,UAAY,GAAW,EAAE,KAAa;QAAtC,iBAIC;QAHG,OAAO,IAAI,CAAC,MAAM,CAAC,UAAC,EAA0B;YAC1C,KAAI,CAAC,WAAW,CAAC,IAAI,CAAC,GAAG,EAAE,KAAK,EAAE,EAAE,CAAC,CAAC;QAC1C,CAAC,CAAoB,CAAC;IAC1B,CAAC;IAED;;;;;OAKG;IACI,aAAK,GAAZ,UAAa,GAAW,EAAE,MAA0C;QAChE,IAAI,CAAC,WAAW,CAAC,KAAK,CAAC,GAAG,EAAE,MAAM,EAAE,IAAI,CAAC,MAAM,CAAC,CAAC;IACrD,CAAC;IAED;;;;;OAKG;IACI,aAAK,GAAZ,UAAa,GAAW,EAAE,OAAsB;QAAhD,iBAIC;QAHG,OAAO,IAAI,CAAC,MAAM,CAAC,UAAC,EAA4B;YAC5C,KAAI,CAAC,WAAW,CAAC,KAAK,CAAC,GAAG,EAAE,OAAO,EAAE,EAAE,CAAC,CAAC;QAC7C,CAAC,CAAsB,CAAC;IAC5B,CAAC;IAED;;;;OAIG;IACI,eAAO,GAAd,UAAe,GAAW;QAA1B,iBAIC;QAHG,OAAO,IAAI,CAAC,MAAM,CAAC,UAAC,EAA6C;YAC7D,KAAI,CAAC,WAAW,CAAC,OAAO,CAAC,GAAG,EAAE,EAAE,CAAC,CAAC;QACtC,CAAC,CAAsB,CAAC;IAC5B,CAAC;IAED;;;;OAIG;IACY,cAAM,GAArB,UAAsB,GAAiB;QACnC,IAAI,GAAG,EAAE;YACL,OAAO,CAAC,GAAG,CAAC,GAAG,CAAC,CAAC;SACpB;IACL,CAAC;IAED;;;;OAIG;IACY,cAAM,GAArB,UAAsB,EAAY;QAC9B,OAAO,IAAI,OAAO,CAAoB,UAAC,OAAO,EAAE,MAAM;YAClD,EAAE,CAAC,UAAC,GAAiB,EAAE,OAA0B;gBAC7C,IAAI,GAAG,EAAE;oBACL,MAAM,EAAE,CAAC;oBACT,MAAM,GAAG,CAAC;iBACb;gBACD,OAAO,CAAC,OAAO,CAAC,CAAC;YACrB,CAAC,CAAC,CAAC;QACP,CAAC,CAAC,CAAC;IACP,CAAC;IA5HM,mBAAW,GAAsB,WAAW,CAAA;IA6HvD,cAAC;CAAA,AA9HD,IA8HC;AAED,kBAAe,OAAO,CAAC"},"all":true},"D:\\code\\learn\\vue-assemble-ui-node\\dist\\config\\configMysql.js":{"path":"D:\\code\\learn\\vue-assemble-ui-node\\dist\\config\\configMysql.js","statementMap":{"0":{"start":{"line":2,"column":0},"end":{"line":2,"column":62}},"1":{"start":{"line":3,"column":16},"end":{"line":8,"column":1}},"2":{"start":{"line":9,"column":0},"end":{"line":9,"column":28}}},"fnMap":{},"branchMap":{},"s":{"0":0,"1":0,"2":0},"f":{},"b":{},"inputSourceMap":{"version":3,"file":"configMysql.js","sourceRoot":"","sources":["../../app/config/configMysql.ts"],"names":[],"mappings":";;AAOA,IAAM,SAAS,GAA2B;IAEtC,IAAI,EAAE,gBAAgB;IAEtB,IAAI,EAAE,aAAa;IAEnB,QAAQ,EAAE,YAAY;IAEtB,QAAQ,EAAE,aAAa,CAAC,QAAQ;CAEnC,CAAC;AAEF,kBAAe,SAAS,CAAC"},"all":true},"D:\\code\\learn\\vue-assemble-ui-node\\dist\\config\\configRedis.js":{"path":"D:\\code\\learn\\vue-assemble-ui-node\\dist\\config\\configRedis.js","statementMap":{"0":{"start":{"line":2,"column":0},"end":{"line":2,"column":62}},"1":{"start":{"line":3,"column":0},"end":{"line":3,"column":31}},"2":{"start":{"line":4,"column":19},"end":{"line":7,"column":1}},"3":{"start":{"line":8,"column":0},"end":{"line":10,"column":2}},"4":{"start":{"line":11,"column":0},"end":{"line":11,"column":31}}},"fnMap":{},"branchMap":{},"s":{"0":0,"1":0,"2":0,"3":0,"4":0},"f":{},"b":{},"inputSourceMap":{"version":3,"file":"configRedis.js","sourceRoot":"","sources":["../../app/config/configRedis.ts"],"names":[],"mappings":";;;AAOA,IAAM,YAAY,GAAqB;IAEnC,IAAI,EAAE,WAAW;IAEjB,IAAI,EAAE,IAAI;CAEb,CAAC;AAEW,QAAA,aAAa,GAAG;IAEzB,OAAO,EAAE,EAAE,GAAG,EAAE;CAEnB,CAAC;AAEF,kBAAe,YAAY,CAAC"},"all":true},"D:\\code\\learn\\vue-assemble-ui-node\\dist\\db.js":{"path":"D:\\code\\learn\\vue-assemble-ui-node\\dist\\db.js","statementMap":{"0":{"start":{"line":2,"column":0},"end":{"line":2,"column":62}},"1":{"start":{"line":8,"column":12},"end":{"line":8,"column":28}},"2":{"start":{"line":9,"column":20},"end":{"line":9,"column":51}},"3":{"start":{"line":10,"column":27},"end":{"line":68,"column":3}},"4":{"start":{"line":19,"column":4},"end":{"line":38,"column":6}},"5":{"start":{"line":20,"column":20},"end":{"line":20,"column":24}},"6":{"start":{"line":21,"column":8},"end":{"line":37,"column":11}},"7":{"start":{"line":22,"column":12},"end":{"line":36,"column":15}},"8":{"start":{"line":23,"column":16},"end":{"line":26,"column":17}},"9":{"start":{"line":24,"column":20},"end":{"line":24,"column":54}},"10":{"start":{"line":25,"column":20},"end":{"line":25,"column":29}},"11":{"start":{"line":27,"column":16},"end":{"line":35,"column":19}},"12":{"start":{"line":28,"column":20},"end":{"line":31,"column":21}},"13":{"start":{"line":29,"column":24},"end":{"line":29,"column":58}},"14":{"start":{"line":30,"column":24},"end":{"line":30,"column":36}},"15":{"start":{"line":32,"column":20},"end":{"line":32,"column":34}},"16":{"start":{"line":34,"column":20},"end":{"line":34,"column":41}},"17":{"start":{"line":46,"column":4},"end":{"line":65,"column":6}},"18":{"start":{"line":47,"column":20},"end":{"line":47,"column":24}},"19":{"start":{"line":48,"column":8},"end":{"line":64,"column":11}},"20":{"start":{"line":49,"column":12},"end":{"line":63,"column":15}},"21":{"start":{"line":50,"column":16},"end":{"line":53,"column":17}},"22":{"start":{"line":51,"column":20},"end":{"line":51,"column":54}},"23":{"start":{"line":52,"column":20},"end":{"line":52,"column":29}},"24":{"start":{"line":54,"column":16},"end":{"line":62,"column":19}},"25":{"start":{"line":55,"column":20},"end":{"line":58,"column":21}},"26":{"start":{"line":56,"column":24},"end":{"line":56,"column":58}},"27":{"start":{"line":57,"column":24},"end":{"line":57,"column":36}},"28":{"start":{"line":59,"column":20},"end":{"line":59,"column":34}},"29":{"start":{"line":61,"column":20},"end":{"line":61,"column":41}},"30":{"start":{"line":66,"column":4},"end":{"line":66,"column":57}},"31":{"start":{"line":67,"column":4},"end":{"line":67,"column":17}},"32":{"start":{"line":69,"column":0},"end":{"line":69,"column":24}}},"fnMap":{"0":{"name":"(anonymous_0)","decl":{"start":{"line":10,"column":27},"end":{"line":10,"column":28}},"loc":{"start":{"line":10,"column":39},"end":{"line":68,"column":1}},"line":10},"1":{"name":"MySql","decl":{"start":{"line":11,"column":13},"end":{"line":11,"column":18}},"loc":{"start":{"line":11,"column":21},"end":{"line":12,"column":5}},"line":11},"2":{"name":"(anonymous_2)","decl":{"start":{"line":19,"column":18},"end":{"line":19,"column":19}},"loc":{"start":{"line":19,"column":47},"end":{"line":38,"column":5}},"line":19},"3":{"name":"(anonymous_3)","decl":{"start":{"line":21,"column":27},"end":{"line":21,"column":28}},"loc":{"start":{"line":21,"column":54},"end":{"line":37,"column":9}},"line":21},"4":{"name":"(anonymous_4)","decl":{"start":{"line":22,"column":37},"end":{"line":22,"column":38}},"loc":{"start":{"line":22,"column":64},"end":{"line":36,"column":13}},"line":22},"5":{"name":"(anonymous_5)","decl":{"start":{"line":27,"column":38},"end":{"line":27,"column":39}},"loc":{"start":{"line":27,"column":59},"end":{"line":35,"column":17}},"line":27},"6":{"name":"(anonymous_6)","decl":{"start":{"line":46,"column":22},"end":{"line":46,"column":23}},"loc":{"start":{"line":46,"column":57},"end":{"line":65,"column":5}},"line":46},"7":{"name":"(anonymous_7)","decl":{"start":{"line":48,"column":27},"end":{"line":48,"column":28}},"loc":{"start":{"line":48,"column":54},"end":{"line":64,"column":9}},"line":48},"8":{"name":"(anonymous_8)","decl":{"start":{"line":49,"column":37},"end":{"line":49,"column":38}},"loc":{"start":{"line":49,"column":64},"end":{"line":63,"column":13}},"line":49},"9":{"name":"(anonymous_9)","decl":{"start":{"line":54,"column":44},"end":{"line":54,"column":45}},"loc":{"start":{"line":54,"column":65},"end":{"line":62,"column":17}},"line":54}},"branchMap":{"0":{"loc":{"start":{"line":23,"column":16},"end":{"line":26,"column":17}},"type":"if","locations":[{"start":{"line":23,"column":16},"end":{"line":26,"column":17}},{"start":{"line":23,"column":16},"end":{"line":26,"column":17}}],"line":23},"1":{"loc":{"start":{"line":24,"column":20},"end":{"line":24,"column":53}},"type":"binary-expr","locations":[{"start":{"line":24,"column":20},"end":{"line":24,"column":32}},{"start":{"line":24,"column":36},"end":{"line":24,"column":53}}],"line":24},"2":{"loc":{"start":{"line":28,"column":20},"end":{"line":31,"column":21}},"type":"if","locations":[{"start":{"line":28,"column":20},"end":{"line":31,"column":21}},{"start":{"line":28,"column":20},"end":{"line":31,"column":21}}],"line":28},"3":{"loc":{"start":{"line":29,"column":24},"end":{"line":29,"column":57}},"type":"binary-expr","locations":[{"start":{"line":29,"column":24},"end":{"line":29,"column":36}},{"start":{"line":29,"column":40},"end":{"line":29,"column":57}}],"line":29},"4":{"loc":{"start":{"line":50,"column":16},"end":{"line":53,"column":17}},"type":"if","locations":[{"start":{"line":50,"column":16},"end":{"line":53,"column":17}},{"start":{"line":50,"column":16},"end":{"line":53,"column":17}}],"line":50},"5":{"loc":{"start":{"line":51,"column":20},"end":{"line":51,"column":53}},"type":"binary-expr","locations":[{"start":{"line":51,"column":20},"end":{"line":51,"column":32}},{"start":{"line":51,"column":36},"end":{"line":51,"column":53}}],"line":51},"6":{"loc":{"start":{"line":55,"column":20},"end":{"line":58,"column":21}},"type":"if","locations":[{"start":{"line":55,"column":20},"end":{"line":58,"column":21}},{"start":{"line":55,"column":20},"end":{"line":58,"column":21}}],"line":55},"7":{"loc":{"start":{"line":56,"column":24},"end":{"line":56,"column":57}},"type":"binary-expr","locations":[{"start":{"line":56,"column":24},"end":{"line":56,"column":36}},{"start":{"line":56,"column":40},"end":{"line":56,"column":57}}],"line":56}},"s":{"0":0,"1":0,"2":0,"3":0,"4":0,"5":0,"6":0,"7":0,"8":0,"9":0,"10":0,"11":0,"12":0,"13":0,"14":0,"15":0,"16":0,"17":0,"18":0,"19":0,"20":0,"21":0,"22":0,"23":0,"24":0,"25":0,"26":0,"27":0,"28":0,"29":0,"30":0,"31":0,"32":0},"f":{"0":0,"1":0,"2":0,"3":0,"4":0,"5":0,"6":0,"7":0,"8":0,"9":0},"b":{"0":[0,0],"1":[0,0],"2":[0,0],"3":[0,0],"4":[0,0],"5":[0,0],"6":[0,0],"7":[0,0]},"inputSourceMap":{"version":3,"file":"db.js","sourceRoot":"","sources":["../app/db.ts"],"names":[],"mappings":";;AAAA;;;;EAIE;AACF,6BAA+B;AAC/B,oDAA6C;AAE7C;IAAA;IAqFA,CAAC;IAlFG;;;;;OAKG;IACI,WAAK,GAAZ,UACI,GAAyB,EACzB,YAAuB;QAF3B,iBAgCC;QA5BG,OAAO,IAAI,OAAO,CAAC,UAAC,OAAO,EAAE,MAAM;YAC/B,KAAI,CAAC,IAAI,CAAC,aAAa,CACnB,UACI,GAAqB,EACrB,UAAgC;gBAEhC,IAAI,GAAG,EAAE;oBACL,YAAY,IAAI,YAAY,CAAC,GAAG,CAAC,CAAC;oBAClC,MAAM,EAAE,CAAC;iBACZ;gBACD,UAAU,CAAC,KAAK,CACZ,GAAG,EACH,UACI,GAAqB,EACrB,IAAY;oBAEZ,IAAI,GAAG,EAAE;wBACL,YAAY,IAAI,YAAY,CAAC,GAAG,CAAC,CAAC;wBAClC,MAAM,CAAC,GAAG,CAAC,CAAC;qBACf;oBACD,OAAO,CAAC,IAAI,CAAC,CAAC;oBACd,OAAO;oBACP,UAAU,CAAC,OAAO,EAAE,CAAC;gBACzB,CAAC,CACJ,CAAC;YACN,CAAC,CACJ,CAAC;QACN,CAAC,CAAC,CAAC;IACP,CAAC;IAED;;;;;;OAMG;IACI,eAAS,GAAhB,UACI,GAAW,EACX,IAAS,EACT,YAAuB;QAH3B,iBAkCC;QA7BG,OAAO,IAAI,OAAO,CAAC,UAAC,OAAO,EAAE,MAAM;YAC/B,KAAI,CAAC,IAAI,CAAC,aAAa,CACnB,UACI,GAAqB,EACrB,UAAgC;gBAEhC,IAAI,GAAG,EAAE;oBACL,YAAY,IAAI,YAAY,CAAC,GAAG,CAAC,CAAC;oBAClC,MAAM,EAAE,CAAC;iBACZ;gBACD,UAAU,CAAC,KAAK,CACZ,GAAG,EACH,IAAI,EACJ,UACI,GAAqB,EACrB,IAAY;oBAEZ,IAAI,GAAG,EAAE;wBACL,YAAY,IAAI,YAAY,CAAC,GAAG,CAAC,CAAC;wBAClC,MAAM,CAAC,GAAG,CAAC,CAAC;qBACf;oBACD,OAAO,CAAC,IAAI,CAAC,CAAC;oBACd,OAAO;oBACP,UAAU,CAAC,OAAO,EAAE,CAAC;gBACzB,CAAC,CACJ,CAAC;YACN,CAAC,CACJ,CAAC;QACN,CAAC,CAAC,CAAC;IACP,CAAC;IAnFc,UAAI,GAAe,KAAK,CAAC,UAAU,CAAC,qBAAS,CAAC,CAAC;IAoFlE,YAAC;CAAA,AArFD,IAqFC;AAED,kBAAe,KAAK,CAAC"},"all":true},"D:\\code\\learn\\vue-assemble-ui-node\\dist\\decorators\\redisDec.js":{"path":"D:\\code\\learn\\vue-assemble-ui-node\\dist\\decorators\\redisDec.js","statementMap":{"0":{"start":{"line":2,"column":16},"end":{"line":10,"column":1}},"1":{"start":{"line":3,"column":28},"end":{"line":3,"column":110}},"2":{"start":{"line":3,"column":91},"end":{"line":3,"column":106}},"3":{"start":{"line":4,"column":4},"end":{"line":9,"column":7}},"4":{"start":{"line":5,"column":36},"end":{"line":5,"column":97}},"5":{"start":{"line":5,"column":42},"end":{"line":5,"column":70}},"6":{"start":{"line":5,"column":85},"end":{"line":5,"column":95}},"7":{"start":{"line":6,"column":35},"end":{"line":6,"column":100}},"8":{"start":{"line":6,"column":41},"end":{"line":6,"column":73}},"9":{"start":{"line":6,"column":88},"end":{"line":6,"column":98}},"10":{"start":{"line":7,"column":32},"end":{"line":7,"column":116}},"11":{"start":{"line":8,"column":8},"end":{"line":8,"column":78}},"12":{"start":{"line":11,"column":18},"end":{"line":37,"column":1}},"13":{"start":{"line":12,"column":12},"end":{"line":12,"column":104}},"14":{"start":{"line":12,"column":43},"end":{"line":12,"column":68}},"15":{"start":{"line":12,"column":57},"end":{"line":12,"column":68}},"16":{"start":{"line":12,"column":69},"end":{"line":12,"column":81}},"17":{"start":{"line":13,"column":4},"end":{"line":13,"column":157}},"18":{"start":{"line":13,"column":138},"end":{"line":13,"column":150}},"19":{"start":{"line":14,"column":23},"end":{"line":14,"column":68}},"20":{"start":{"line":14,"column":45},"end":{"line":14,"column":65}},"21":{"start":{"line":16,"column":8},"end":{"line":16,"column":70}},"22":{"start":{"line":16,"column":15},"end":{"line":16,"column":70}},"23":{"start":{"line":17,"column":8},"end":{"line":34,"column":66}},"24":{"start":{"line":17,"column":18},"end":{"line":34,"column":66}},"25":{"start":{"line":18,"column":12},"end":{"line":18,"column":169}},"26":{"start":{"line":18,"column":160},"end":{"line":18,"column":169}},"27":{"start":{"line":19,"column":12},"end":{"line":19,"column":52}},"28":{"start":{"line":19,"column":26},"end":{"line":19,"column":52}},"29":{"start":{"line":20,"column":12},"end":{"line":32,"column":13}},"30":{"start":{"line":21,"column":32},"end":{"line":21,"column":39}},"31":{"start":{"line":21,"column":40},"end":{"line":21,"column":46}},"32":{"start":{"line":22,"column":24},"end":{"line":22,"column":34}},"33":{"start":{"line":22,"column":35},"end":{"line":22,"column":72}},"34":{"start":{"line":23,"column":24},"end":{"line":23,"column":34}},"35":{"start":{"line":23,"column":35},"end":{"line":23,"column":45}},"36":{"start":{"line":23,"column":46},"end":{"line":23,"column":55}},"37":{"start":{"line":23,"column":56},"end":{"line":23,"column":65}},"38":{"start":{"line":24,"column":24},"end":{"line":24,"column":41}},"39":{"start":{"line":24,"column":42},"end":{"line":24,"column":55}},"40":{"start":{"line":24,"column":56},"end":{"line":24,"column":65}},"41":{"start":{"line":26,"column":20},"end":{"line":26,"column":128}},"42":{"start":{"line":26,"column":110},"end":{"line":26,"column":116}},"43":{"start":{"line":26,"column":117},"end":{"line":26,"column":126}},"44":{"start":{"line":27,"column":20},"end":{"line":27,"column":106}},"45":{"start":{"line":27,"column":81},"end":{"line":27,"column":97}},"46":{"start":{"line":27,"column":98},"end":{"line":27,"column":104}},"47":{"start":{"line":28,"column":20},"end":{"line":28,"column":89}},"48":{"start":{"line":28,"column":57},"end":{"line":28,"column":72}},"49":{"start":{"line":28,"column":73},"end":{"line":28,"column":80}},"50":{"start":{"line":28,"column":81},"end":{"line":28,"column":87}},"51":{"start":{"line":29,"column":20},"end":{"line":29,"column":87}},"52":{"start":{"line":29,"column":47},"end":{"line":29,"column":62}},"53":{"start":{"line":29,"column":63},"end":{"line":29,"column":78}},"54":{"start":{"line":29,"column":79},"end":{"line":29,"column":85}},"55":{"start":{"line":30,"column":20},"end":{"line":30,"column":42}},"56":{"start":{"line":30,"column":30},"end":{"line":30,"column":42}},"57":{"start":{"line":31,"column":20},"end":{"line":31,"column":33}},"58":{"start":{"line":31,"column":34},"end":{"line":31,"column":43}},"59":{"start":{"line":33,"column":12},"end":{"line":33,"column":39}},"60":{"start":{"line":34,"column":22},"end":{"line":34,"column":34}},"61":{"start":{"line":34,"column":35},"end":{"line":34,"column":41}},"62":{"start":{"line":34,"column":54},"end":{"line":34,"column":64}},"63":{"start":{"line":35,"column":8},"end":{"line":35,"column":35}},"64":{"start":{"line":35,"column":23},"end":{"line":35,"column":35}},"65":{"start":{"line":35,"column":36},"end":{"line":35,"column":89}},"66":{"start":{"line":38,"column":0},"end":{"line":38,"column":62}},"67":{"start":{"line":44,"column":14},"end":{"line":44,"column":33}},"68":{"start":{"line":45,"column":20},"end":{"line":45,"column":52}},"69":{"start":{"line":46,"column":30},"end":{"line":183,"column":3}},"70":{"start":{"line":56,"column":4},"end":{"line":106,"column":6}},"71":{"start":{"line":57,"column":20},"end":{"line":57,"column":24}},"72":{"start":{"line":58,"column":8},"end":{"line":58,"column":52}},"73":{"start":{"line":58,"column":33},"end":{"line":58,"column":50}},"74":{"start":{"line":59,"column":8},"end":{"line":59,"column":82}},"75":{"start":{"line":59,"column":34},"end":{"line":59,"column":80}},"76":{"start":{"line":60,"column":8},"end":{"line":105,"column":10}},"77":{"start":{"line":62,"column":30},"end":{"line":62,"column":46}},"78":{"start":{"line":64,"column":28},"end":{"line":64,"column":62}},"79":{"start":{"line":66,"column":12},"end":{"line":104,"column":14}},"80":{"start":{"line":67,"column":27},"end":{"line":67,"column":29}},"81":{"start":{"line":68,"column":16},"end":{"line":70,"column":17}},"82":{"start":{"line":68,"column":30},"end":{"line":68,"column":31}},"83":{"start":{"line":69,"column":20},"end":{"line":69,"column":45}},"84":{"start":{"line":71,"column":16},"end":{"line":103,"column":19}},"85":{"start":{"line":73,"column":20},"end":{"line":102,"column":23}},"86":{"start":{"line":74,"column":24},"end":{"line":101,"column":25}},"87":{"start":{"line":76,"column":32},"end":{"line":76,"column":47}},"88":{"start":{"line":77,"column":32},"end":{"line":87,"column":33}},"89":{"start":{"line":78,"column":36},"end":{"line":83,"column":39}},"90":{"start":{"line":79,"column":52},"end":{"line":79,"column":75}},"91":{"start":{"line":80,"column":40},"end":{"line":82,"column":41}},"92":{"start":{"line":81,"column":44},"end":{"line":81,"column":88}},"93":{"start":{"line":86,"column":36},"end":{"line":86,"column":56}},"94":{"start":{"line":88,"column":32},"end":{"line":88,"column":117}},"95":{"start":{"line":90,"column":32},"end":{"line":90,"column":53}},"96":{"start":{"line":91,"column":32},"end":{"line":94,"column":33}},"97":{"start":{"line":92,"column":36},"end":{"line":92,"column":99}},"98":{"start":{"line":93,"column":36},"end":{"line":93,"column":80}},"99":{"start":{"line":95,"column":32},"end":{"line":95,"column":86}},"100":{"start":{"line":97,"column":32},"end":{"line":97,"column":52}},"101":{"start":{"line":98,"column":32},"end":{"line":98,"column":120}},"102":{"start":{"line":99,"column":32},"end":{"line":99,"column":95}},"103":{"start":{"line":100,"column":32},"end":{"line":100,"column":63}},"104":{"start":{"line":112,"column":4},"end":{"line":122,"column":6}},"105":{"start":{"line":113,"column":8},"end":{"line":121,"column":10}},"106":{"start":{"line":115,"column":30},"end":{"line":115,"column":46}},"107":{"start":{"line":117,"column":12},"end":{"line":120,"column":14}},"108":{"start":{"line":118,"column":16},"end":{"line":118,"column":45}},"109":{"start":{"line":119,"column":16},"end":{"line":119,"column":37}},"110":{"start":{"line":131,"column":4},"end":{"line":151,"column":6}},"111":{"start":{"line":133,"column":25},"end":{"line":133,"column":76}},"112":{"start":{"line":134,"column":8},"end":{"line":149,"column":9}},"113":{"start":{"line":135,"column":12},"end":{"line":145,"column":13}},"114":{"start":{"line":136,"column":16},"end":{"line":141,"column":17}},"115":{"start":{"line":137,"column":20},"end":{"line":137,"column":84}},"116":{"start":{"line":140,"column":20},"end":{"line":140,"column":89}},"117":{"start":{"line":144,"column":16},"end":{"line":144,"column":105}},"118":{"start":{"line":148,"column":12},"end":{"line":148,"column":121}},"119":{"start":{"line":150,"column":8},"end":{"line":150,"column":77}},"120":{"start":{"line":157,"column":4},"end":{"line":169,"column":6}},"121":{"start":{"line":158,"column":20},"end":{"line":158,"column":24}},"122":{"start":{"line":159,"column":8},"end":{"line":168,"column":9}},"123":{"start":{"line":160,"column":12},"end":{"line":166,"column":15}},"124":{"start":{"line":161,"column":16},"end":{"line":165,"column":19}},"125":{"start":{"line":162,"column":20},"end":{"line":164,"column":21}},"126":{"start":{"line":163,"column":24},"end":{"line":163,"column":87}},"127":{"start":{"line":167,"column":12},"end":{"line":167,"column":44}},"128":{"start":{"line":175,"column":4},"end":{"line":180,"column":6}},"129":{"start":{"line":176,"column":21},"end":{"line":176,"column":33}},"130":{"start":{"line":177,"column":22},"end":{"line":177,"column":49}},"131":{"start":{"line":178,"column":25},"end":{"line":178,"column":88}},"132":{"start":{"line":179,"column":8},"end":{"line":179,"column":37}},"133":{"start":{"line":181,"column":4},"end":{"line":181,"column":33}},"134":{"start":{"line":182,"column":4},"end":{"line":182,"column":20}},"135":{"start":{"line":184,"column":0},"end":{"line":184,"column":27}}},"fnMap":{"0":{"name":"(anonymous_0)","decl":{"start":{"line":2,"column":44},"end":{"line":2,"column":45}},"loc":{"start":{"line":2,"column":89},"end":{"line":10,"column":1}},"line":2},"1":{"name":"adopt","decl":{"start":{"line":3,"column":13},"end":{"line":3,"column":18}},"loc":{"start":{"line":3,"column":26},"end":{"line":3,"column":112}},"line":3},"2":{"name":"(anonymous_2)","decl":{"start":{"line":3,"column":70},"end":{"line":3,"column":71}},"loc":{"start":{"line":3,"column":89},"end":{"line":3,"column":108}},"line":3},"3":{"name":"(anonymous_3)","decl":{"start":{"line":4,"column":36},"end":{"line":4,"column":37}},"loc":{"start":{"line":4,"column":63},"end":{"line":9,"column":5}},"line":4},"4":{"name":"fulfilled","decl":{"start":{"line":5,"column":17},"end":{"line":5,"column":26}},"loc":{"start":{"line":5,"column":34},"end":{"line":5,"column":99}},"line":5},"5":{"name":"rejected","decl":{"start":{"line":6,"column":17},"end":{"line":6,"column":25}},"loc":{"start":{"line":6,"column":33},"end":{"line":6,"column":102}},"line":6},"6":{"name":"step","decl":{"start":{"line":7,"column":17},"end":{"line":7,"column":21}},"loc":{"start":{"line":7,"column":30},"end":{"line":7,"column":118}},"line":7},"7":{"name":"(anonymous_7)","decl":{"start":{"line":11,"column":48},"end":{"line":11,"column":49}},"loc":{"start":{"line":11,"column":73},"end":{"line":37,"column":1}},"line":11},"8":{"name":"(anonymous_8)","decl":{"start":{"line":12,"column":30},"end":{"line":12,"column":31}},"loc":{"start":{"line":12,"column":41},"end":{"line":12,"column":83}},"line":12},"9":{"name":"(anonymous_9)","decl":{"start":{"line":13,"column":125},"end":{"line":13,"column":126}},"loc":{"start":{"line":13,"column":136},"end":{"line":13,"column":152}},"line":13},"10":{"name":"verb","decl":{"start":{"line":14,"column":13},"end":{"line":14,"column":17}},"loc":{"start":{"line":14,"column":21},"end":{"line":14,"column":70}},"line":14},"11":{"name":"(anonymous_11)","decl":{"start":{"line":14,"column":30},"end":{"line":14,"column":31}},"loc":{"start":{"line":14,"column":43},"end":{"line":14,"column":67}},"line":14},"12":{"name":"step","decl":{"start":{"line":15,"column":13},"end":{"line":15,"column":17}},"loc":{"start":{"line":15,"column":22},"end":{"line":36,"column":5}},"line":15},"13":{"name":"(anonymous_13)","decl":{"start":{"line":46,"column":30},"end":{"line":46,"column":31}},"loc":{"start":{"line":46,"column":42},"end":{"line":183,"column":1}},"line":46},"14":{"name":"RedisDec","decl":{"start":{"line":47,"column":13},"end":{"line":47,"column":21}},"loc":{"start":{"line":47,"column":24},"end":{"line":48,"column":5}},"line":47},"15":{"name":"(anonymous_15)","decl":{"start":{"line":56,"column":25},"end":{"line":56,"column":26}},"loc":{"start":{"line":56,"column":57},"end":{"line":106,"column":5}},"line":56},"16":{"name":"(anonymous_16)","decl":{"start":{"line":60,"column":15},"end":{"line":60,"column":16}},"loc":{"start":{"line":60,"column":58},"end":{"line":105,"column":9}},"line":60},"17":{"name":"(anonymous_17)","decl":{"start":{"line":66,"column":31},"end":{"line":66,"column":32}},"loc":{"start":{"line":66,"column":43},"end":{"line":104,"column":13}},"line":66},"18":{"name":"(anonymous_18)","decl":{"start":{"line":71,"column":56},"end":{"line":71,"column":57}},"loc":{"start":{"line":71,"column":68},"end":{"line":103,"column":17}},"line":71},"19":{"name":"(anonymous_19)","decl":{"start":{"line":73,"column":45},"end":{"line":73,"column":46}},"loc":{"start":{"line":73,"column":59},"end":{"line":102,"column":21}},"line":73},"20":{"name":"(anonymous_20)","decl":{"start":{"line":78,"column":62},"end":{"line":78,"column":63}},"loc":{"start":{"line":78,"column":78},"end":{"line":83,"column":37}},"line":78},"21":{"name":"(anonymous_21)","decl":{"start":{"line":112,"column":26},"end":{"line":112,"column":27}},"loc":{"start":{"line":112,"column":41},"end":{"line":122,"column":5}},"line":112},"22":{"name":"(anonymous_22)","decl":{"start":{"line":113,"column":15},"end":{"line":113,"column":16}},"loc":{"start":{"line":113,"column":58},"end":{"line":121,"column":9}},"line":113},"23":{"name":"(anonymous_23)","decl":{"start":{"line":117,"column":31},"end":{"line":117,"column":32}},"loc":{"start":{"line":117,"column":43},"end":{"line":120,"column":13}},"line":117},"24":{"name":"(anonymous_24)","decl":{"start":{"line":131,"column":31},"end":{"line":131,"column":32}},"loc":{"start":{"line":131,"column":76},"end":{"line":151,"column":5}},"line":131},"25":{"name":"(anonymous_25)","decl":{"start":{"line":157,"column":30},"end":{"line":157,"column":31}},"loc":{"start":{"line":157,"column":45},"end":{"line":169,"column":5}},"line":157},"26":{"name":"(anonymous_26)","decl":{"start":{"line":160,"column":58},"end":{"line":160,"column":59}},"loc":{"start":{"line":160,"column":81},"end":{"line":166,"column":13}},"line":160},"27":{"name":"(anonymous_27)","decl":{"start":{"line":161,"column":76},"end":{"line":161,"column":77}},"loc":{"start":{"line":161,"column":94},"end":{"line":165,"column":17}},"line":161},"28":{"name":"(anonymous_28)","decl":{"start":{"line":175,"column":28},"end":{"line":175,"column":29}},"loc":{"start":{"line":175,"column":42},"end":{"line":180,"column":5}},"line":175}},"branchMap":{"0":{"loc":{"start":{"line":2,"column":16},"end":{"line":10,"column":1}},"type":"binary-expr","locations":[{"start":{"line":2,"column":17},"end":{"line":2,"column":21}},{"start":{"line":2,"column":25},"end":{"line":2,"column":39}},{"start":{"line":2,"column":44},"end":{"line":10,"column":1}}],"line":2},"1":{"loc":{"start":{"line":3,"column":35},"end":{"line":3,"column":109}},"type":"cond-expr","locations":[{"start":{"line":3,"column":56},"end":{"line":3,"column":61}},{"start":{"line":3,"column":64},"end":{"line":3,"column":109}}],"line":3},"2":{"loc":{"start":{"line":4,"column":16},"end":{"line":4,"column":34}},"type":"binary-expr","locations":[{"start":{"line":4,"column":16},"end":{"line":4,"column":17}},{"start":{"line":4,"column":22},"end":{"line":4,"column":33}}],"line":4},"3":{"loc":{"start":{"line":7,"column":32},"end":{"line":7,"column":115}},"type":"cond-expr","locations":[{"start":{"line":7,"column":46},"end":{"line":7,"column":67}},{"start":{"line":7,"column":70},"end":{"line":7,"column":115}}],"line":7},"4":{"loc":{"start":{"line":8,"column":51},"end":{"line":8,"column":67}},"type":"binary-expr","locations":[{"start":{"line":8,"column":51},"end":{"line":8,"column":61}},{"start":{"line":8,"column":65},"end":{"line":8,"column":67}}],"line":8},"5":{"loc":{"start":{"line":11,"column":18},"end":{"line":37,"column":1}},"type":"binary-expr","locations":[{"start":{"line":11,"column":19},"end":{"line":11,"column":23}},{"start":{"line":11,"column":27},"end":{"line":11,"column":43}},{"start":{"line":11,"column":48},"end":{"line":37,"column":1}}],"line":11},"6":{"loc":{"start":{"line":12,"column":43},"end":{"line":12,"column":68}},"type":"if","locations":[{"start":{"line":12,"column":43},"end":{"line":12,"column":68}},{"start":{"line":12,"column":43},"end":{"line":12,"column":68}}],"line":12},"7":{"loc":{"start":{"line":13,"column":71},"end":{"line":13,"column":153}},"type":"binary-expr","locations":[{"start":{"line":13,"column":71},"end":{"line":13,"column":99}},{"start":{"line":13,"column":104},"end":{"line":13,"column":152}}],"line":13},"8":{"loc":{"start":{"line":16,"column":8},"end":{"line":16,"column":70}},"type":"if","locations":[{"start":{"line":16,"column":8},"end":{"line":16,"column":70}},{"start":{"line":16,"column":8},"end":{"line":16,"column":70}}],"line":16},"9":{"loc":{"start":{"line":18,"column":12},"end":{"line":18,"column":169}},"type":"if","locations":[{"start":{"line":18,"column":12},"end":{"line":18,"column":169}},{"start":{"line":18,"column":12},"end":{"line":18,"column":169}}],"line":18},"10":{"loc":{"start":{"line":18,"column":23},"end":{"line":18,"column":158}},"type":"binary-expr","locations":[{"start":{"line":18,"column":23},"end":{"line":18,"column":24}},{"start":{"line":18,"column":29},"end":{"line":18,"column":125}},{"start":{"line":18,"column":130},"end":{"line":18,"column":158}}],"line":18},"11":{"loc":{"start":{"line":18,"column":33},"end":{"line":18,"column":125}},"type":"cond-expr","locations":[{"start":{"line":18,"column":45},"end":{"line":18,"column":56}},{"start":{"line":18,"column":59},"end":{"line":18,"column":125}}],"line":18},"12":{"loc":{"start":{"line":18,"column":59},"end":{"line":18,"column":125}},"type":"cond-expr","locations":[{"start":{"line":18,"column":67},"end":{"line":18,"column":116}},{"start":{"line":18,"column":119},"end":{"line":18,"column":125}}],"line":18},"13":{"loc":{"start":{"line":18,"column":67},"end":{"line":18,"column":116}},"type":"binary-expr","locations":[{"start":{"line":18,"column":67},"end":{"line":18,"column":77}},{"start":{"line":18,"column":82},"end":{"line":18,"column":115}}],"line":18},"14":{"loc":{"start":{"line":18,"column":82},"end":{"line":18,"column":112}},"type":"binary-expr","locations":[{"start":{"line":18,"column":83},"end":{"line":18,"column":98}},{"start":{"line":18,"column":103},"end":{"line":18,"column":112}}],"line":18},"15":{"loc":{"start":{"line":19,"column":12},"end":{"line":19,"column":52}},"type":"if","locations":[{"start":{"line":19,"column":12},"end":{"line":19,"column":52}},{"start":{"line":19,"column":12},"end":{"line":19,"column":52}}],"line":19},"16":{"loc":{"start":{"line":20,"column":12},"end":{"line":32,"column":13}},"type":"switch","locations":[{"start":{"line":21,"column":16},"end":{"line":21,"column":23}},{"start":{"line":21,"column":24},"end":{"line":21,"column":46}},{"start":{"line":22,"column":16},"end":{"line":22,"column":72}},{"start":{"line":23,"column":16},"end":{"line":23,"column":65}},{"start":{"line":24,"column":16},"end":{"line":24,"column":65}},{"start":{"line":25,"column":16},"end":{"line":31,"column":43}}],"line":20},"17":{"loc":{"start":{"line":26,"column":20},"end":{"line":26,"column":128}},"type":"if","locations":[{"start":{"line":26,"column":20},"end":{"line":26,"column":128}},{"start":{"line":26,"column":20},"end":{"line":26,"column":128}}],"line":26},"18":{"loc":{"start":{"line":26,"column":24},"end":{"line":26,"column":106}},"type":"binary-expr","locations":[{"start":{"line":26,"column":24},"end":{"line":26,"column":74}},{"start":{"line":26,"column":79},"end":{"line":26,"column":90}},{"start":{"line":26,"column":94},"end":{"line":26,"column":105}}],"line":26},"19":{"loc":{"start":{"line":26,"column":42},"end":{"line":26,"column":73}},"type":"binary-expr","locations":[{"start":{"line":26,"column":42},"end":{"line":26,"column":54}},{"start":{"line":26,"column":58},"end":{"line":26,"column":73}}],"line":26},"20":{"loc":{"start":{"line":27,"column":20},"end":{"line":27,"column":106}},"type":"if","locations":[{"start":{"line":27,"column":20},"end":{"line":27,"column":106}},{"start":{"line":27,"column":20},"end":{"line":27,"column":106}}],"line":27},"21":{"loc":{"start":{"line":27,"column":24},"end":{"line":27,"column":77}},"type":"binary-expr","locations":[{"start":{"line":27,"column":24},"end":{"line":27,"column":35}},{"start":{"line":27,"column":40},"end":{"line":27,"column":42}},{"start":{"line":27,"column":47},"end":{"line":27,"column":59}},{"start":{"line":27,"column":63},"end":{"line":27,"column":75}}],"line":27},"22":{"loc":{"start":{"line":28,"column":20},"end":{"line":28,"column":89}},"type":"if","locations":[{"start":{"line":28,"column":20},"end":{"line":28,"column":89}},{"start":{"line":28,"column":20},"end":{"line":28,"column":89}}],"line":28},"23":{"loc":{"start":{"line":28,"column":24},"end":{"line":28,"column":53}},"type":"binary-expr","locations":[{"start":{"line":28,"column":24},"end":{"line":28,"column":35}},{"start":{"line":28,"column":39},"end":{"line":28,"column":53}}],"line":28},"24":{"loc":{"start":{"line":29,"column":20},"end":{"line":29,"column":87}},"type":"if","locations":[{"start":{"line":29,"column":20},"end":{"line":29,"column":87}},{"start":{"line":29,"column":20},"end":{"line":29,"column":87}}],"line":29},"25":{"loc":{"start":{"line":29,"column":24},"end":{"line":29,"column":43}},"type":"binary-expr","locations":[{"start":{"line":29,"column":24},"end":{"line":29,"column":25}},{"start":{"line":29,"column":29},"end":{"line":29,"column":43}}],"line":29},"26":{"loc":{"start":{"line":30,"column":20},"end":{"line":30,"column":42}},"type":"if","locations":[{"start":{"line":30,"column":20},"end":{"line":30,"column":42}},{"start":{"line":30,"column":20},"end":{"line":30,"column":42}}],"line":30},"27":{"loc":{"start":{"line":35,"column":8},"end":{"line":35,"column":35}},"type":"if","locations":[{"start":{"line":35,"column":8},"end":{"line":35,"column":35}},{"start":{"line":35,"column":8},"end":{"line":35,"column":35}}],"line":35},"28":{"loc":{"start":{"line":35,"column":52},"end":{"line":35,"column":74}},"type":"cond-expr","locations":[{"start":{"line":35,"column":60},"end":{"line":35,"column":65}},{"start":{"line":35,"column":68},"end":{"line":35,"column":74}}],"line":35},"29":{"loc":{"start":{"line":58,"column":8},"end":{"line":58,"column":52}},"type":"if","locations":[{"start":{"line":58,"column":8},"end":{"line":58,"column":52}},{"start":{"line":58,"column":8},"end":{"line":58,"column":52}}],"line":58},"30":{"loc":{"start":{"line":59,"column":8},"end":{"line":59,"column":82}},"type":"if","locations":[{"start":{"line":59,"column":8},"end":{"line":59,"column":82}},{"start":{"line":59,"column":8},"end":{"line":59,"column":82}}],"line":59},"31":{"loc":{"start":{"line":74,"column":24},"end":{"line":101,"column":25}},"type":"switch","locations":[{"start":{"line":75,"column":28},"end":{"line":88,"column":117}},{"start":{"line":89,"column":28},"end":{"line":95,"column":86}},{"start":{"line":96,"column":28},"end":{"line":100,"column":63}}],"line":74},"32":{"loc":{"start":{"line":77,"column":32},"end":{"line":87,"column":33}},"type":"if","locations":[{"start":{"line":77,"column":32},"end":{"line":87,"column":33}},{"start":{"line":77,"column":32},"end":{"line":87,"column":33}}],"line":77},"33":{"loc":{"start":{"line":80,"column":40},"end":{"line":82,"column":41}},"type":"if","locations":[{"start":{"line":80,"column":40},"end":{"line":82,"column":41}},{"start":{"line":80,"column":40},"end":{"line":82,"column":41}}],"line":80},"34":{"loc":{"start":{"line":91,"column":32},"end":{"line":94,"column":33}},"type":"if","locations":[{"start":{"line":91,"column":32},"end":{"line":94,"column":33}},{"start":{"line":91,"column":32},"end":{"line":94,"column":33}}],"line":91},"35":{"loc":{"start":{"line":134,"column":8},"end":{"line":149,"column":9}},"type":"if","locations":[{"start":{"line":134,"column":8},"end":{"line":149,"column":9}},{"start":{"line":134,"column":8},"end":{"line":149,"column":9}}],"line":134},"36":{"loc":{"start":{"line":135,"column":12},"end":{"line":145,"column":13}},"type":"if","locations":[{"start":{"line":135,"column":12},"end":{"line":145,"column":13}},{"start":{"line":135,"column":12},"end":{"line":145,"column":13}}],"line":135},"37":{"loc":{"start":{"line":136,"column":16},"end":{"line":141,"column":17}},"type":"if","locations":[{"start":{"line":136,"column":16},"end":{"line":141,"column":17}},{"start":{"line":136,"column":16},"end":{"line":141,"column":17}}],"line":136},"38":{"loc":{"start":{"line":159,"column":8},"end":{"line":168,"column":9}},"type":"if","locations":[{"start":{"line":159,"column":8},"end":{"line":168,"column":9}},{"start":{"line":159,"column":8},"end":{"line":168,"column":9}}],"line":159},"39":{"loc":{"start":{"line":162,"column":20},"end":{"line":164,"column":21}},"type":"if","locations":[{"start":{"line":162,"column":20},"end":{"line":164,"column":21}},{"start":{"line":162,"column":20},"end":{"line":164,"column":21}}],"line":162}},"s":{"0":0,"1":0,"2":0,"3":0,"4":0,"5":0,"6":0,"7":0,"8":0,"9":0,"10":0,"11":0,"12":0,"13":0,"14":0,"15":0,"16":0,"17":0,"18":0,"19":0,"20":0,"21":0,"22":0,"23":0,"24":0,"25":0,"26":0,"27":0,"28":0,"29":0,"30":0,"31":0,"32":0,"33":0,"34":0,"35":0,"36":0,"37":0,"38":0,"39":0,"40":0,"41":0,"42":0,"43":0,"44":0,"45":0,"46":0,"47":0,"48":0,"49":0,"50":0,"51":0,"52":0,"53":0,"54":0,"55":0,"56":0,"57":0,"58":0,"59":0,"60":0,"61":0,"62":0,"63":0,"64":0,"65":0,"66":0,"67":0,"68":0,"69":0,"70":0,"71":0,"72":0,"73":0,"74":0,"75":0,"76":0,"77":0,"78":0,"79":0,"80":0,"81":0,"82":0,"83":0,"84":0,"85":0,"86":0,"87":0,"88":0,"89":0,"90":0,"91":0,"92":0,"93":0,"94":0,"95":0,"96":0,"97":0,"98":0,"99":0,"100":0,"101":0,"102":0,"103":0,"104":0,"105":0,"106":0,"107":0,"108":0,"109":0,"110":0,"111":0,"112":0,"113":0,"114":0,"115":0,"116":0,"117":0,"118":0,"119":0,"120":0,"121":0,"122":0,"123":0,"124":0,"125":0,"126":0,"127":0,"128":0,"129":0,"130":0,"131":0,"132":0,"133":0,"134":0,"135":0},"f":{"0":0,"1":0,"2":0,"3":0,"4":0,"5":0,"6":0,"7":0,"8":0,"9":0,"10":0,"11":0,"12":0,"13":0,"14":0,"15":0,"16":0,"17":0,"18":0,"19":0,"20":0,"21":0,"22":0,"23":0,"24":0,"25":0,"26":0,"27":0,"28":0},"b":{"0":[0,0,0],"1":[0,0],"2":[0,0],"3":[0,0],"4":[0,0],"5":[0,0,0],"6":[0,0],"7":[0,0],"8":[0,0],"9":[0,0],"10":[0,0,0],"11":[0,0],"12":[0,0],"13":[0,0],"14":[0,0],"15":[0,0],"16":[0,0,0,0,0,0],"17":[0,0],"18":[0,0,0],"19":[0,0],"20":[0,0],"21":[0,0,0,0],"22":[0,0],"23":[0,0],"24":[0,0],"25":[0,0],"26":[0,0],"27":[0,0],"28":[0,0],"29":[0,0],"30":[0,0],"31":[0,0,0],"32":[0,0],"33":[0,0],"34":[0,0],"35":[0,0],"36":[0,0],"37":[0,0],"38":[0,0],"39":[0,0]},"inputSourceMap":{"version":3,"file":"redisDec.js","sourceRoot":"","sources":["../../app/decorators/redisDec.ts"],"names":[],"mappings":";;;;;;;;;;;;;;;;;;;;;;;;;;;;;;;;;;;;;;AAAA;;;;EAIE;AACF,kCAA+B;AAC/B,qDAAoD;AAMpD;IAAA;IAoHA,CAAC;IAjHG;;;;;;OAMG;IACI,kBAAS,GAAhB,UAAiB,GAAW,EAAE,MAAgB,EAAE,OAA+B;QAA/E,iBAgCC;QAhC6B,uBAAA,EAAA,gBAAgB;QAAE,wBAAA,EAAA,UAAU,2BAAa,CAAC,OAAO;QAC3E,OAAO,UAAC,MAAW,EAAE,WAAmB,EAAE,UAA8B;YACpE,SAAS;YACT,IAAM,WAAW,GAAG,UAAU,CAAC,KAAK,CAAC;YAErC,YAAY;YACZ,IAAM,SAAS,GAAG,QAAQ,CAAC,YAAY,CAAC,WAAW,CAAC,CAAC;YAErD,OAAO;YACP,UAAU,CAAC,KAAK,GAAG;gBAAO,cAAO;qBAAP,UAAO,EAAP,qBAAO,EAAP,IAAO;oBAAP,yBAAO;;;;;;;gCACzB,SAAS,GAAG,EAAE,CAAC;gCACnB,IAAI,MAAM,KAAK,OAAO,EAAE;oCACpB,MAAM,CAAC,KAAK,CAAC,GAAG,CAAC,CAAC,OAAO,CAAC,UAAC,IAAI;wCAC3B,IAAM,KAAK,GAAG,SAAS,CAAC,OAAO,CAAC,IAAI,CAAC,CAAC;wCACtC,IAAI,IAAI,CAAC,KAAK,CAAC,EAAE;4CACb,SAAS,IAAI,IAAI,GAAG,GAAG,GAAG,IAAI,CAAC,KAAK,CAAC,GAAG,GAAG,CAAC;yCAC/C;oCACL,CAAC,CAAC,CAAC;iCACN;qCAAM;oCACH,SAAS,GAAG,OAAO,CAAC;iCACvB;gCACwB,qBAAM,eAAO,CAAC,GAAG,CAAI,GAAG,SAAI,WAAW,SAAI,SAAW,CAAC,EAAA;;gCAA1E,QAAQ,GAAW,SAAuD;gCAChF,IAAI,QAAQ,EAAE;oCACV,QAAQ,CAAC,eAAe,CAAC,GAAG,EAAE,WAAW,EAAE,OAAO,EAAE,SAAS,CAAC,CAAC;oCAC/D,sBAAO,IAAI,CAAC,KAAK,CAAC,QAAQ,CAAC,EAAC;iCAC/B;gCACqB,qBAAM,WAAW,eAAI,IAAI,GAAC;;gCAA1C,OAAO,GAAS,SAA0B;gCAChD,eAAO,CAAC,GAAG,CAAI,GAAG,SAAI,WAAW,SAAI,SAAW,EAAE,IAAI,CAAC,SAAS,CAAC,OAAO,CAAC,CAAC,CAAC;gCAC3E,QAAQ,CAAC,eAAe,CAAC,GAAG,EAAE,WAAW,EAAE,OAAO,EAAE,SAAS,CAAC,CAAC;gCAC/D,sBAAO,OAAO,EAAC;;;;aAClB,CAAC;QACN,CAAC,CAAC;IACN,CAAC;IAED;;;;OAIG;IACI,mBAAU,GAAjB,UAAkB,GAAW;QACzB,OAAO,UAAC,MAAW,EAAE,WAAmB,EAAE,UAA8B;YACpE,SAAS;YACT,IAAM,WAAW,GAAG,UAAU,CAAC,KAAK,CAAC;YACrC,OAAO;YACP,UAAU,CAAC,KAAK,GAAG;gBACf,QAAQ,CAAC,cAAc,CAAC,GAAG,CAAC,CAAC;gBAC7B,OAAO,WAAW,EAAE,CAAC;YACzB,CAAC,CAAC;QACN,CAAC,CAAC;IACN,CAAC;IAED;;;;;;;OAOG;IACY,wBAAe,GAA9B,UAA+B,GAAW,EAAE,WAAmB,EAAE,OAAe,EAAE,MAAc;;QAC5F,IAAM,UAAU,GAAG,IAAI,CAAC,KAAK,CAAC,CAAC,IAAI,IAAI,EAAE,CAAC,CAAC,OAAO,EAAE,GAAG,IAAI,CAAC,GAAG,OAAO,CAAC;QACvE,IAAI,IAAI,CAAC,cAAc,CAAC,GAAG,CAAC,EAAE;YAC1B,IAAI,IAAI,CAAC,cAAc,CAAC,GAAG,CAAC,CAAC,WAAW,CAAC,EAAE;gBACvC,IAAI,IAAI,CAAC,cAAc,CAAC,GAAG,CAAC,CAAC,WAAW,CAAC,CAAC,MAAM,CAAC,EAAE;oBAC/C,IAAI,CAAC,cAAc,CAAC,GAAG,CAAC,CAAC,WAAW,CAAC,CAAC,MAAM,CAAC,CAAC,IAAI,GAAG,UAAU,CAAC;iBACnE;qBAAM;oBACH,IAAI,CAAC,cAAc,CAAC,GAAG,CAAC,CAAC,WAAW,CAAC,CAAC,MAAM,CAAC,GAAG,EAAE,IAAI,EAAE,UAAU,EAAe,CAAC;iBACrF;aACJ;iBAAM;gBACH,IAAI,CAAC,cAAc,CAAC,GAAG,CAAC,CAAC,WAAW,CAAC,IAAG,SAAC,GAAC,MAAM,IAAG,EAAC,IAAI,EAAE,UAAU,EAAC,IAAwB,CAAA,CAAC;aACjG;SACJ;aAAM;YACH,IAAI,CAAC,cAAc,CAAC,GAAG,CAAC,IAAG,SAAC,GAAC,WAAW,cAAI,GAAC,MAAM,IAAG,EAAC,IAAI,EAAE,UAAU,EAAC,KAAC,IAAmC,CAAA,CAAC;SAChH;QACD,eAAO,CAAC,GAAG,CAAI,GAAG,SAAI,WAAW,SAAI,MAAQ,EAAE,OAAO,CAAC,CAAC;IAC5D,CAAC;IAED;;;;OAIG;IACY,uBAAc,GAA7B,UAA8B,GAAW;QAAzC,iBAWC;QAVG,IAAI,IAAI,CAAC,cAAc,CAAC,GAAG,CAAC,EAAE;YAC1B,MAAM,CAAC,IAAI,CAAC,IAAI,CAAC,cAAc,CAAC,GAAG,CAAC,CAAC,CAAC,OAAO,CAAC,UAAC,WAAW;gBACtD,MAAM,CAAC,IAAI,CAAC,KAAI,CAAC,cAAc,CAAC,GAAG,CAAC,CAAC,WAAW,CAAC,CAAC,CAAC,OAAO,CAAC,UAAC,MAAM;oBAC9D,IAAI,KAAI,CAAC,cAAc,CAAC,GAAG,CAAC,CAAC,WAAW,CAAC,CAAC,MAAM,CAAC,CAAC,IAAI,GAAG,IAAI,CAAC,KAAK,CAAC,CAAC,IAAI,IAAI,EAAE,CAAC,CAAC,OAAO,EAAE,GAAG,IAAI,CAAC,EAAE;wBAChG,eAAO,CAAC,MAAM,CAAI,GAAG,SAAI,WAAW,SAAI,MAAQ,CAAC,CAAC;qBACrD;gBACL,CAAC,CAAC,CAAC;YACP,CAAC,CAAC,CAAC;YACH,OAAO,IAAI,CAAC,cAAc,CAAC,GAAG,CAAC,CAAC;SACnC;IACL,CAAC;IAED;;;;OAIG;IACY,qBAAY,GAA3B,UAA4B,EAAY;QACpC,IAAM,MAAM,GAAG,YAAY,CAAC,CAAC,SAAS;QACtC,IAAM,OAAO,GAAG,EAAE,CAAC,QAAQ,EAAE,CAAC,KAAK,CAAC,MAAM,CAAC,CAAC;QAC5C,IAAM,UAAU,GAAG,OAAO,CAAC,CAAC,CAAC,CAAC,SAAS,CAAC,CAAC,EAAE,OAAO,CAAC,CAAC,CAAC,CAAC,MAAM,GAAG,CAAC,CAAC,CAAC,OAAO,CAAC,GAAG,EAAE,EAAE,CAAC,CAAC;QACnF,OAAO,UAAU,CAAC,KAAK,CAAC,GAAG,CAAC,CAAC;IACjC,CAAC;IAlHc,uBAAc,GAAmD,EAAE,CAAA;IAmHtF,eAAC;CAAA,AApHD,IAoHC;kBApHoB,QAAQ"},"all":true},"D:\\code\\learn\\vue-assemble-ui-node\\dist\\decorators\\routerDec.js":{"path":"D:\\code\\learn\\vue-assemble-ui-node\\dist\\decorators\\routerDec.js","statementMap":{"0":{"start":{"line":2,"column":0},"end":{"line":2,"column":62}},"1":{"start":{"line":3,"column":0},"end":{"line":3,"column":44}},"2":{"start":{"line":9,"column":14},"end":{"line":9,"column":32}},"3":{"start":{"line":11,"column":0},"end":{"line":14,"column":53}},"4":{"start":{"line":12,"column":4},"end":{"line":12,"column":26}},"5":{"start":{"line":13,"column":4},"end":{"line":13,"column":28}},"6":{"start":{"line":15,"column":31},"end":{"line":54,"column":3}},"7":{"start":{"line":20,"column":8},"end":{"line":20,"column":29}},"8":{"start":{"line":21,"column":8},"end":{"line":21,"column":39}},"9":{"start":{"line":28,"column":4},"end":{"line":36,"column":6}},"10":{"start":{"line":29,"column":20},"end":{"line":29,"column":24}},"11":{"start":{"line":30,"column":8},"end":{"line":35,"column":10}},"12":{"start":{"line":31,"column":12},"end":{"line":31,"column":33}},"13":{"start":{"line":32,"column":12},"end":{"line":34,"column":15}},"14":{"start":{"line":33,"column":16},"end":{"line":33,"column":76}},"15":{"start":{"line":43,"column":4},"end":{"line":52,"column":6}},"16":{"start":{"line":44,"column":20},"end":{"line":44,"column":24}},"17":{"start":{"line":45,"column":8},"end":{"line":51,"column":10}},"18":{"start":{"line":46,"column":12},"end":{"line":50,"column":15}},"19":{"start":{"line":53,"column":4},"end":{"line":53,"column":21}},"20":{"start":{"line":55,"column":0},"end":{"line":55,"column":30}}},"fnMap":{"0":{"name":"(anonymous_0)","decl":{"start":{"line":11,"column":1},"end":{"line":11,"column":2}},"loc":{"start":{"line":11,"column":19},"end":{"line":14,"column":1}},"line":11},"1":{"name":"(anonymous_1)","decl":{"start":{"line":15,"column":31},"end":{"line":15,"column":32}},"loc":{"start":{"line":15,"column":43},"end":{"line":54,"column":1}},"line":15},"2":{"name":"RouterDec","decl":{"start":{"line":19,"column":13},"end":{"line":19,"column":22}},"loc":{"start":{"line":19,"column":25},"end":{"line":22,"column":5}},"line":19},"3":{"name":"(anonymous_3)","decl":{"start":{"line":28,"column":38},"end":{"line":28,"column":39}},"loc":{"start":{"line":28,"column":54},"end":{"line":36,"column":5}},"line":28},"4":{"name":"(anonymous_4)","decl":{"start":{"line":30,"column":15},"end":{"line":30,"column":16}},"loc":{"start":{"line":30,"column":27},"end":{"line":35,"column":9}},"line":30},"5":{"name":"(anonymous_5)","decl":{"start":{"line":32,"column":37},"end":{"line":32,"column":38}},"loc":{"start":{"line":32,"column":53},"end":{"line":34,"column":13}},"line":32},"6":{"name":"(anonymous_6)","decl":{"start":{"line":43,"column":41},"end":{"line":43,"column":42}},"loc":{"start":{"line":43,"column":63},"end":{"line":52,"column":5}},"line":43},"7":{"name":"(anonymous_7)","decl":{"start":{"line":45,"column":15},"end":{"line":45,"column":16}},"loc":{"start":{"line":45,"column":58},"end":{"line":51,"column":9}},"line":45}},"branchMap":{"0":{"loc":{"start":{"line":14,"column":12},"end":{"line":14,"column":51}},"type":"binary-expr","locations":[{"start":{"line":14,"column":12},"end":{"line":14,"column":26}},{"start":{"line":14,"column":31},"end":{"line":14,"column":50}}],"line":14}},"s":{"0":0,"1":0,"2":0,"3":0,"4":0,"5":0,"6":0,"7":0,"8":0,"9":0,"10":0,"11":0,"12":0,"13":0,"14":0,"15":0,"16":0,"17":0,"18":0,"19":0,"20":0},"f":{"0":0,"1":0,"2":0,"3":0,"4":0,"5":0,"6":0,"7":0},"b":{"0":[0,0]},"inputSourceMap":{"version":3,"file":"routerDec.js","sourceRoot":"","sources":["../../app/decorators/routerDec.ts"],"names":[],"mappings":";;;AAAA;;;;EAIE;AACF,iCAAmC;AAEnC,IAAY,MAGX;AAHD,WAAY,MAAM;IACd,qBAAa,CAAA;IACb,uBAAe,CAAA;AACnB,CAAC,EAHW,MAAM,GAAN,cAAM,KAAN,cAAM,QAGjB;AAQD;IAKI;;OAEG;IACH;QALA,eAAU,GAAgB,EAAE,CAAA;QAMxB,IAAI,CAAC,MAAM,GAAG,OAAO,CAAC,MAAM,EAAE,CAAC;IACnC,CAAC;IAED;;;;OAIG;IACH,+BAAW,GAAX,UAAY,IAAY;QAAxB,iBAOC;QANG,OAAO;YACH,KAAI,CAAC,OAAO,GAAG,IAAI,CAAC;YACpB,KAAI,CAAC,UAAU,CAAC,OAAO,CAAC,UAAC,IAAI;gBACzB,KAAI,CAAC,MAAM,CAAC,IAAI,CAAC,IAAI,CAAC,CAAC,KAAI,CAAC,OAAO,GAAG,IAAI,CAAC,IAAI,EAAE,IAAI,CAAC,EAAE,CAAC,CAAC;YAC9D,CAAC,CAAC,CAAC;QACP,CAAC,CAAC;IACN,CAAC;IAED;;;;;OAKG;IACH,kCAAc,GAAd,UAAe,IAAY,EAAE,IAAY;QAAzC,iBAQC;QAPG,OAAO,UAAC,MAAW,EAAE,WAAmB,EAAE,UAA8B;YACpE,KAAI,CAAC,UAAU,CAAC,IAAI,CAAC;gBACjB,IAAI,EAAE,IAAI;gBACV,IAAI,EAAE,IAAI;gBACV,EAAE,EAAE,UAAU,CAAC,KAAK;aACvB,CAAC,CAAC;QACP,CAAC,CAAC;IACN,CAAC;IACL,gBAAC;AAAD,CAAC,AAzCD,IAyCC;AAzCY,8BAAS"},"all":true},"D:\\code\\learn\\vue-assemble-ui-node\\dist\\decorators\\utilsDec.js":{"path":"D:\\code\\learn\\vue-assemble-ui-node\\dist\\decorators\\utilsDec.js","statementMap":{"0":{"start":{"line":2,"column":0},"end":{"line":2,"column":62}},"1":{"start":{"line":3,"column":0},"end":{"line":3,"column":27}},"2":{"start":{"line":9,"column":31},"end":{"line":20,"column":3}},"3":{"start":{"line":16,"column":4},"end":{"line":18,"column":6}},"4":{"start":{"line":17,"column":8},"end":{"line":17,"column":23}},"5":{"start":{"line":19,"column":4},"end":{"line":19,"column":21}},"6":{"start":{"line":21,"column":0},"end":{"line":21,"column":30}}},"fnMap":{"0":{"name":"(anonymous_0)","decl":{"start":{"line":9,"column":31},"end":{"line":9,"column":32}},"loc":{"start":{"line":9,"column":43},"end":{"line":20,"column":1}},"line":9},"1":{"name":"RouterDec","decl":{"start":{"line":10,"column":13},"end":{"line":10,"column":22}},"loc":{"start":{"line":10,"column":25},"end":{"line":11,"column":5}},"line":10},"2":{"name":"(anonymous_2)","decl":{"start":{"line":16,"column":23},"end":{"line":16,"column":24}},"loc":{"start":{"line":16,"column":35},"end":{"line":18,"column":5}},"line":16}},"branchMap":{},"s":{"0":0,"1":0,"2":0,"3":0,"4":0,"5":0,"6":0},"f":{"0":0,"1":0,"2":0},"b":{},"inputSourceMap":{"version":3,"file":"utilsDec.js","sourceRoot":"","sources":["../../app/decorators/utilsDec.ts"],"names":[],"mappings":";;;AAAA;;;;EAIE;AACF;IAAA;IASA,CAAC;IAPG;;;OAGG;IACI,gBAAM,GAAb;QACI,OAAO,OAAO,CAAC;IACnB,CAAC;IACL,gBAAC;AAAD,CAAC,AATD,IASC;AATY,8BAAS"},"all":true},"D:\\code\\learn\\vue-assemble-ui-node\\dist\\mapper\\usersMapper.js":{"path":"D:\\code\\learn\\vue-assemble-ui-node\\dist\\mapper\\usersMapper.js","statementMap":{"0":{"start":{"line":2,"column":0},"end":{"line":2,"column":62}},"1":{"start":{"line":8,"column":11},"end":{"line":8,"column":27}},"2":{"start":{"line":9,"column":33},"end":{"line":26,"column":3}},"3":{"start":{"line":16,"column":4},"end":{"line":24,"column":6}},"4":{"start":{"line":17,"column":8},"end":{"line":23,"column":11}},"5":{"start":{"line":18,"column":12},"end":{"line":22,"column":15}},"6":{"start":{"line":20,"column":16},"end":{"line":20,"column":37}},"7":{"start":{"line":21,"column":16},"end":{"line":21,"column":33}},"8":{"start":{"line":25,"column":4},"end":{"line":25,"column":23}},"9":{"start":{"line":27,"column":0},"end":{"line":27,"column":30}}},"fnMap":{"0":{"name":"(anonymous_0)","decl":{"start":{"line":9,"column":33},"end":{"line":9,"column":34}},"loc":{"start":{"line":9,"column":45},"end":{"line":26,"column":1}},"line":9},"1":{"name":"UsersMapper","decl":{"start":{"line":10,"column":13},"end":{"line":10,"column":24}},"loc":{"start":{"line":10,"column":27},"end":{"line":11,"column":5}},"line":10},"2":{"name":"(anonymous_2)","decl":{"start":{"line":16,"column":29},"end":{"line":16,"column":30}},"loc":{"start":{"line":16,"column":41},"end":{"line":24,"column":5}},"line":16},"3":{"name":"(anonymous_3)","decl":{"start":{"line":17,"column":27},"end":{"line":17,"column":28}},"loc":{"start":{"line":17,"column":46},"end":{"line":23,"column":9}},"line":17},"4":{"name":"(anonymous_4)","decl":{"start":{"line":19,"column":22},"end":{"line":19,"column":23}},"loc":{"start":{"line":19,"column":41},"end":{"line":22,"column":13}},"line":19}},"branchMap":{},"s":{"0":0,"1":0,"2":0,"3":0,"4":0,"5":0,"6":0,"7":0,"8":0,"9":0},"f":{"0":0,"1":0,"2":0,"3":0,"4":0},"b":{},"inputSourceMap":{"version":3,"file":"usersMapper.js","sourceRoot":"","sources":["../../app/mapper/usersMapper.ts"],"names":[],"mappings":";;AAAA;;;;EAIE;AACF,4BAA0B;AAE1B;IAAA;IAeA,CAAC;IAbG;;;OAGG;IACI,sBAAU,GAAjB;QACI,OAAO,IAAI,OAAO,CAAC,UAAC,OAAO;YACvB,YAAK,CAAC,KAAK,CAAC,qBAAqB,CAAC;iBAC7B,IAAI,CAAC,UAAC,OAAO;gBACV,OAAO,CAAC,GAAG,CAAC,OAAO,CAAC,CAAC;gBACrB,OAAO,CAAC,OAAO,CAAC,CAAC;YACrB,CAAC,CAAC,CAAC;QACX,CAAC,CAAC,CAAC;IACP,CAAC;IACL,kBAAC;AAAD,CAAC,AAfD,IAeC;AAED,kBAAe,WAAW,CAAC"},"all":true},"D:\\code\\learn\\vue-assemble-ui-node\\dist\\routes\\index.js":{"path":"D:\\code\\learn\\vue-assemble-ui-node\\dist\\routes\\index.js","statementMap":{"0":{"start":{"line":2,"column":17},"end":{"line":7,"column":1}},"1":{"start":{"line":3,"column":12},"end":{"line":3,"column":28}},"2":{"start":{"line":3,"column":34},"end":{"line":3,"column":125}},"3":{"start":{"line":4,"column":4},"end":{"line":5,"column":150}},"4":{"start":{"line":4,"column":79},"end":{"line":4,"column":131}},"5":{"start":{"line":5,"column":9},"end":{"line":5,"column":150}},"6":{"start":{"line":5,"column":22},"end":{"line":5,"column":43}},"7":{"start":{"line":5,"column":58},"end":{"line":5,"column":150}},"8":{"start":{"line":5,"column":81},"end":{"line":5,"column":150}},"9":{"start":{"line":6,"column":4},"end":{"line":6,"column":66}},"10":{"start":{"line":8,"column":17},"end":{"line":10,"column":1}},"11":{"start":{"line":9,"column":4},"end":{"line":9,"column":109}},"12":{"start":{"line":9,"column":79},"end":{"line":9,"column":109}},"13":{"start":{"line":11,"column":16},"end":{"line":19,"column":1}},"14":{"start":{"line":12,"column":28},"end":{"line":12,"column":110}},"15":{"start":{"line":12,"column":91},"end":{"line":12,"column":106}},"16":{"start":{"line":13,"column":4},"end":{"line":18,"column":7}},"17":{"start":{"line":14,"column":36},"end":{"line":14,"column":97}},"18":{"start":{"line":14,"column":42},"end":{"line":14,"column":70}},"19":{"start":{"line":14,"column":85},"end":{"line":14,"column":95}},"20":{"start":{"line":15,"column":35},"end":{"line":15,"column":100}},"21":{"start":{"line":15,"column":41},"end":{"line":15,"column":73}},"22":{"start":{"line":15,"column":88},"end":{"line":15,"column":98}},"23":{"start":{"line":16,"column":32},"end":{"line":16,"column":116}},"24":{"start":{"line":17,"column":8},"end":{"line":17,"column":78}},"25":{"start":{"line":20,"column":18},"end":{"line":46,"column":1}},"26":{"start":{"line":21,"column":12},"end":{"line":21,"column":104}},"27":{"start":{"line":21,"column":43},"end":{"line":21,"column":68}},"28":{"start":{"line":21,"column":57},"end":{"line":21,"column":68}},"29":{"start":{"line":21,"column":69},"end":{"line":21,"column":81}},"30":{"start":{"line":22,"column":4},"end":{"line":22,"column":157}},"31":{"start":{"line":22,"column":138},"end":{"line":22,"column":150}},"32":{"start":{"line":23,"column":23},"end":{"line":23,"column":68}},"33":{"start":{"line":23,"column":45},"end":{"line":23,"column":65}},"34":{"start":{"line":25,"column":8},"end":{"line":25,"column":70}},"35":{"start":{"line":25,"column":15},"end":{"line":25,"column":70}},"36":{"start":{"line":26,"column":8},"end":{"line":43,"column":66}},"37":{"start":{"line":26,"column":18},"end":{"line":43,"column":66}},"38":{"start":{"line":27,"column":12},"end":{"line":27,"column":169}},"39":{"start":{"line":27,"column":160},"end":{"line":27,"column":169}},"40":{"start":{"line":28,"column":12},"end":{"line":28,"column":52}},"41":{"start":{"line":28,"column":26},"end":{"line":28,"column":52}},"42":{"start":{"line":29,"column":12},"end":{"line":41,"column":13}},"43":{"start":{"line":30,"column":32},"end":{"line":30,"column":39}},"44":{"start":{"line":30,"column":40},"end":{"line":30,"column":46}},"45":{"start":{"line":31,"column":24},"end":{"line":31,"column":34}},"46":{"start":{"line":31,"column":35},"end":{"line":31,"column":72}},"47":{"start":{"line":32,"column":24},"end":{"line":32,"column":34}},"48":{"start":{"line":32,"column":35},"end":{"line":32,"column":45}},"49":{"start":{"line":32,"column":46},"end":{"line":32,"column":55}},"50":{"start":{"line":32,"column":56},"end":{"line":32,"column":65}},"51":{"start":{"line":33,"column":24},"end":{"line":33,"column":41}},"52":{"start":{"line":33,"column":42},"end":{"line":33,"column":55}},"53":{"start":{"line":33,"column":56},"end":{"line":33,"column":65}},"54":{"start":{"line":35,"column":20},"end":{"line":35,"column":128}},"55":{"start":{"line":35,"column":110},"end":{"line":35,"column":116}},"56":{"start":{"line":35,"column":117},"end":{"line":35,"column":126}},"57":{"start":{"line":36,"column":20},"end":{"line":36,"column":106}},"58":{"start":{"line":36,"column":81},"end":{"line":36,"column":97}},"59":{"start":{"line":36,"column":98},"end":{"line":36,"column":104}},"60":{"start":{"line":37,"column":20},"end":{"line":37,"column":89}},"61":{"start":{"line":37,"column":57},"end":{"line":37,"column":72}},"62":{"start":{"line":37,"column":73},"end":{"line":37,"column":80}},"63":{"start":{"line":37,"column":81},"end":{"line":37,"column":87}},"64":{"start":{"line":38,"column":20},"end":{"line":38,"column":87}},"65":{"start":{"line":38,"column":47},"end":{"line":38,"column":62}},"66":{"start":{"line":38,"column":63},"end":{"line":38,"column":78}},"67":{"start":{"line":38,"column":79},"end":{"line":38,"column":85}},"68":{"start":{"line":39,"column":20},"end":{"line":39,"column":42}},"69":{"start":{"line":39,"column":30},"end":{"line":39,"column":42}},"70":{"start":{"line":40,"column":20},"end":{"line":40,"column":33}},"71":{"start":{"line":40,"column":34},"end":{"line":40,"column":43}},"72":{"start":{"line":42,"column":12},"end":{"line":42,"column":39}},"73":{"start":{"line":43,"column":22},"end":{"line":43,"column":34}},"74":{"start":{"line":43,"column":35},"end":{"line":43,"column":41}},"75":{"start":{"line":43,"column":54},"end":{"line":43,"column":64}},"76":{"start":{"line":44,"column":8},"end":{"line":44,"column":35}},"77":{"start":{"line":44,"column":23},"end":{"line":44,"column":35}},"78":{"start":{"line":44,"column":36},"end":{"line":44,"column":89}},"79":{"start":{"line":47,"column":0},"end":{"line":47,"column":62}},"80":{"start":{"line":48,"column":0},"end":{"line":48,"column":23}},"81":{"start":{"line":54,"column":14},"end":{"line":54,"column":32}},"82":{"start":{"line":55,"column":22},"end":{"line":55,"column":58}},"83":{"start":{"line":56,"column":20},"end":{"line":56,"column":52}},"84":{"start":{"line":57,"column":18},"end":{"line":57,"column":52}},"85":{"start":{"line":58,"column":22},"end":{"line":58,"column":72}},"86":{"start":{"line":59,"column":16
[...]
:35}},{"start":{"line":36,"column":40},"end":{"line":36,"column":42}},{"start":{"line":36,"column":47},"end":{"line":36,"column":59}},{"start":{"line":36,"column":63},"end":{"line":36,"column":75}}],"line":36},"35":{"loc":{"start":{"line":37,"column":20},"end":{"line":37,"column":89}},"type":"if","locations":[{"start":{"line":37,"column":20},"end":{"line":37,"column":89}},{"start":{"line":37,"column":20},"end":{"line":37,"column":89}}],"line":37},"36":{"loc":{"start":{"line":37,"column":24},"end":{"line":37,"column":53}},"type":"binary-expr","locations":[{"start":{"line":37,"column":24},"end":{"line":37,"column":35}},{"start":{"line":37,"column":39},"end":{"line":37,"column":53}}],"line":37},"37":{"loc":{"start":{"line":38,"column":20},"end":{"line":38,"column":87}},"type":"if","locations":[{"start":{"line":38,"column":20},"end":{"line":38,"column":87}},{"start":{"line":38,"column":20},"end":{"line":38,"column":87}}],"line":38},"38":{"loc":{"start":{"line":38,"column":24},"end":{"line":38,"column":43}},"type":"binary-expr","locations":[{"start":{"line":38,"column":24},"end":{"line":38,"column":25}},{"start":{"line":38,"column":29},"end":{"line":38,"column":43}}],"line":38},"39":{"loc":{"start":{"line":39,"column":20},"end":{"line":39,"column":42}},"type":"if","locations":[{"start":{"line":39,"column":20},"end":{"line":39,"column":42}},{"start":{"line":39,"column":20},"end":{"line":39,"column":42}}],"line":39},"40":{"loc":{"start":{"line":44,"column":8},"end":{"line":44,"column":35}},"type":"if","locations":[{"start":{"line":44,"column":8},"end":{"line":44,"column":35}},{"start":{"line":44,"column":8},"end":{"line":44,"column":35}}],"line":44},"41":{"loc":{"start":{"line":44,"column":52},"end":{"line":44,"column":74}},"type":"cond-expr","locations":[{"start":{"line":44,"column":60},"end":{"line":44,"column":65}},{"start":{"line":44,"column":68},"end":{"line":44,"column":74}}],"line":44},"42":{"loc":{"start":{"line":74,"column":16},"end":{"line":83,"column":17}},"type":"switch","locations":[{"start":{"line":75,"column":20},"end":{"line":75,"column":85}},{"start":{"line":76,"column":20},"end":{"line":78,"column":94}},{"start":{"line":79,"column":20},"end":{"line":82,"column":46}}],"line":74}},"s":{"0":0,"1":0,"2":0,"3":0,"4":0,"5":0,"6":0,"7":0,"8":0,"9":0,"10":0,"11":0,"12":0,"13":0,"14":0,"15":0,"16":0,"17":0,"18":0,"19":0,"20":0,"21":0,"22":0,"23":0,"24":0,"25":0,"26":0,"27":0,"28":0,"29":0,"30":0,"31":0,"32":0,"33":0,"34":0,"35":0,"36":0,"37":0,"38":0,"39":0,"40":0,"41":0,"42":0,"43":0,"44":0,"45":0,"46":0,"47":0,"48":0,"49":0,"50":0,"51":0,"52":0,"53":0,"54":0,"55":0,"56":0,"57":0,"58":0,"59":0,"60":0,"61":0,"62":0,"63":0,"64":0,"65":0,"66":0,"67":0,"68":0,"69":0,"70":0,"71":0,"72":0,"73":0,"74":0,"75":0,"76":0,"77":0,"78":0,"79":0,"80":0,"81":0,"82":0,"83":0,"84":0,"85":0,"86":0,"87":0,"88":0,"89":0,"90":0,"91":0,"92":0,"93":0,"94":0,"95":0,"96":0,"97":0,"98":0,"99":0,"100":0,"101":0,"102":0,"103":0,"104":0,"105":0,"106":0,"107":0,"108":0,"109":0,"110":0,"111":0,"112":0,"113":0,"114":0},"f":{"0":0,"1":0,"2":0,"3":0,"4":0,"5":0,"6":0,"7":0,"8":0,"9":0,"10":0,"11":0,"12":0,"13":0,"14":0,"15":0,"16":0,"17":0,"18":0,"19":0,"20":0,"21":0,"22":0},"b":{"0":[0,0,0],"1":[0,0],"2":[0,0],"3":[0,0],"4":[0,0],"5":[0,0],"6":[0,0],"7":[0,0],"8":[0,0],"9":[0,0,0],"10":[0,0,0],"11":[0,0],"12":[0,0],"13":[0,0,0],"14":[0,0],"15":[0,0],"16":[0,0],"17":[0,0],"18":[0,0,0],"19":[0,0],"20":[0,0],"21":[0,0],"22":[0,0],"23":[0,0,0],"24":[0,0],"25":[0,0],"26":[0,0],"27":[0,0],"28":[0,0],"29":[0,0,0,0,0,0],"30":[0,0],"31":[0,0,0],"32":[0,0],"33":[0,0],"34":[0,0,0,0],"35":[0,0],"36":[0,0],"37":[0,0],"38":[0,0],"39":[0,0],"40":[0,0],"41":[0,0],"42":[0,0,0]},"inputSourceMap":{"version":3,"file":"index.js","sourceRoot":"","sources":["../../app/routes/index.ts"],"names":[],"mappings":";;;;;;;;;;;;;;;;;;;;;;;;;;;;;;;;;;;;;;;;;;;;;;;;AAAA;;;;EAIE;AACF,iCAAmC;AACnC,2DAAqD;AACrD,qDAAgD;AAChD,qDAA0D;AAC1D,yEAAoE;AAEpE,IAAM,SAAS,GAAc,IAAI,qBAAS,EAAE,CAAC;AAG7C;IAAA;IAwCA,CAAC;cAxCY,KAAK;IAGd;;;;;OAKG;IAEG,uBAAO,GAAb,UACI,GAAoB,EACpB,GAAqB;;;;;4BAEP,qBAAM,qBAAW,CAAC,UAAU,EAAE,EAAA;;wBAAtC,KAAK,GAAG,SAA8B;wBAC5C,qBAAM,OAAK,CAAC,aAAa,CAAC,WAAW,CAAC,IAAI,EAAE,MAAM,CAAC,EAAA;;wBAAnD,SAAmD,CAAC;wBACpD,GAAG,CAAC,MAAM,CAAC,OAAO,EAAE,KAAK,CAAC,CAAC;;;;;KAC9B;IAED;;;;;OAKG;IAEG,wBAAQ,GAAd,UACI,GAAoB,EACpB,GAAqB;;;gBAErB,OAAK,CAAC,aAAa,CAAC,cAAc,EAAE,CAAC;gBACrC,GAAG,CAAC,SAAS,CAAC,GAAG,EAAE;oBACf,cAAc,EAAE,WAAW;oBAC3B,SAAS,EAAE,IAAI,IAAI,EAAE,CAAC,WAAW,EAAE;iBACtC,CAAC,CAAC;gBACH,GAAG,CAAC,KAAK,CAAC,uBAAY,CAAC,SAAS,CAAC,CAAC;gBAClC,GAAG,CAAC,KAAK,CAAC,MAAM,CAAC,CAAC;gBAClB,GAAG,CAAC,GAAG,CAAC,uBAAY,CAAC,OAAO,CAAC,CAAC;;;;KACjC;;IArCc,mBAAa,GAAkB,IAAI,uBAAa,EAAE,CAAA;IASjE;QADC,SAAS,CAAC,cAAc,CAAC,GAAG,EAAE,kBAAM,CAAC,GAAG,CAAC;;;;wCAQzC;IASD;QADC,SAAS,CAAC,cAAc,CAAC,aAAa,EAAE,kBAAM,CAAC,GAAG,CAAC;;;;yCAanD;IAtCQ,KAAK;QADjB,SAAS,CAAC,WAAW,CAAC,EAAE,CAAC;OACb,KAAK,CAwCjB;IAAD,YAAC;CAAA,AAxCD,IAwCC;AAxCY,sBAAK;AA0ClB,kBAAe,SAAS,CAAC"},"all":true},"D:\\code\\learn\\vue-assemble-ui-node\\dist\\routes\\loader.js":{"path":"D:\\code\\learn\\vue-assemble-ui-node\\dist\\routes\\loader.js","statementMap":{"0":{"start":{"line":2,"column":0},"end":{"line":2,"column":62}},"1":{"start":{"line":8,"column":14},"end":{"line":8,"column":32}},"2":{"start":{"line":9,"column":9},"end":{"line":9,"column":22}},"3":{"start":{"line":10,"column":30},"end":{"line":55,"column":3}},"4":{"start":{"line":15,"column":8},"end":{"line":15,"column":39}},"5":{"start":{"line":16,"column":8},"end":{"line":16,"column":25}},"6":{"start":{"line":22,"column":4},"end":{"line":24,"column":6}},"7":{"start":{"line":23,"column":8},"end":{"line":23,"column":27}},"8":{"start":{"line":30,"column":4},"end":{"line":53,"column":6}},"9":{"start":{"line":31,"column":20},"end":{"line":31,"column":24}},"10":{"start":{"line":32,"column":8},"end":{"line":32,"column":51}},"11":{"start":{"line":32,"column":35},"end":{"line":32,"column":49}},"12":{"start":{"line":33,"column":20},"end":{"line":33,"column":58}},"13":{"start":{"line":34,"column":8},"end":{"line":52,"column":11}},"14":{"start":{"line":36,"column":12},"end":{"line":36,"column":51}},"15":{"start":{"line":39,"column":12},"end":{"line":51,"column":13}},"16":{"start":{"line":40,"column":16},"end":{"line":40,"column":69}},"17":{"start":{"line":43,"column":16},"end":{"line":50,"column":19}},"18":{"start":{"line":43,"column":53},"end":{"line":43,"column":111}},"19":{"start":{"line":44,"column":20},"end":{"line":44,"column":49}},"20":{"start":{"line":45,"column":20},"end":{"line":45,"column":49}},"21":{"start":{"line":48,"column":20},"end":{"line":48,"column":35}},"22":{"start":{"line":49,"column":20},"end":{"line":49,"column":48}},"23":{"start":{"line":54,"column":4},"end":{"line":54,"column":20}},"24":{"start":{"line":56,"column":0},"end":{"line":56,"column":27}}},"fnMap":{"0":{"name":"(anonymous_0)","decl":{"start":{"line":10,"column":30},"end":{"line":10,"column":31}},"loc":{"start":{"line":10,"column":42},"end":{"line":55,"column":1}},"line":10},"1":{"name":"MyRouter","decl":{"start":{"line":14,"column":13},"end":{"line":14,"column":21}},"loc":{"start":{"line":14,"column":24},"end":{"line":17,"column":5}},"line":14},"2":{"name":"(anonymous_2)","decl":{"start":{"line":22,"column":37},"end":{"line":22,"column":38}},"loc":{"start":{"line":22,"column":49},"end":{"line":24,"column":5}},"line":22},"3":{"name":"(anonymous_3)","decl":{"start":{"line":30,"column":35},"end":{"line":30,"column":36}},"loc":{"start":{"line":30,"column":55},"end":{"line":53,"column":5}},"line":30},"4":{"name":"(anonymous_4)","decl":{"start":{"line":35,"column":20},"end":{"line":35,"column":21}},"loc":{"start":{"line":35,"column":36},"end":{"line":37,"column":9}},"line":35},"5":{"name":"(anonymous_5)","decl":{"start":{"line":38,"column":21},"end":{"line":38,"column":22}},"loc":{"start":{"line":38,"column":37},"end":{"line":52,"column":9}},"line":38},"6":{"name":"(anonymous_6)","decl":{"start":{"line":43,"column":39},"end":{"line":43,"column":40}},"loc":{"start":{"line":43,"column":51},"end":{"line":43,"column":113}},"line":43},"7":{"name":"(anonymous_7)","decl":{"start":{"line":43,"column":120},"end":{"line":43,"column":121}},"loc":{"start":{"line":43,"column":137},"end":{"line":46,"column":17}},"line":43},"8":{"name":"(anonymous_8)","decl":{"start":{"line":47,"column":27},"end":{"line":47,"column":28}},"loc":{"start":{"line":47,"column":40},"end":{"line":50,"column":17}},"line":47}},"branchMap":{"0":{"loc":{"start":{"line":32,"column":8},"end":{"line":32,"column":51}},"type":"if","locations":[{"start":{"line":32,"column":8},"end":{"line":32,"column":51}},{"start":{"line":32,"column":8},"end":{"line":32,"column":51}}],"line":32},"1":{"loc":{"start":{"line":39,"column":12},"end":{"line":51,"column":13}},"type":"if","locations":[{"start":{"line":39,"column":12},"end":{"line":51,"column":13}},{"start":{"line":39,"column":12},"end":{"line":51,"column":13}}],"line":39}},"s":{"0":0,"1":0,"2":0,"3":0,"4":0,"5":0,"6":0,"7":0,"8":0,"9":0,"10":0,"11":0,"12":0,"13":0,"14":0,"15":0,"16":0,"17":0,"18":0,"19":0,"20":0,"21":0,"22":0,"23":0,"24":0},"f":{"0":0,"1":0,"2":0,"3":0,"4":0,"5":0,"6":0,"7":0,"8":0},"b":{"0":[0,0],"1":[0,0]},"inputSourceMap":{"version":3,"file":"loader.js","sourceRoot":"","sources":["../../app/routes/loader.ts"],"names":[],"mappings":";;AAAA;;;;GAIG;AACH,iCAAmC;AACnC,uBAAyB;AAEzB;IAGI;;OAEG;IACH;QACI,IAAI,CAAC,MAAM,GAAG,OAAO,CAAC,MAAM,EAAE,CAAC;QAE/B,IAAI,CAAC,SAAS,EAAE,CAAC;IACrB,CAAC;IAED;;;OAGG;IACH,8BAAW,GAAX;QACI,OAAO,IAAI,CAAC,MAAM,CAAC;IACvB,CAAC;IAED;;;;OAIG;IACK,4BAAS,GAAjB,UAAkB,QAAa;QAA/B,iBA0BC;QA1BiB,yBAAA,EAAA,aAAa;QAC3B,IAAM,KAAK,GAAG,EAAE,CAAC,WAAW,CAAC,CAAC,SAAS,GAAG,QAAQ,CAAgB,CAAC,CAAC;QAEpE,KAAK;aACA,MAAM,CACH,UAAS,IAAY;YACjB,OAAO,IAAI,CAAC,KAAK,CAAC,GAAG,CAAC,CAAC,CAAC,CAAC,KAAK,QAAQ,CAAC;QAC3C,CAAC,CACJ;aACA,OAAO,CACJ,UAAC,IAAY;YACT,IAAI,IAAI,CAAC,KAAK,CAAC,GAAG,CAAC,CAAC,MAAM,KAAK,CAAC,EAAE;gBAC9B,KAAI,CAAC,SAAS,CAAC,QAAQ,GAAG,GAAG,GAAG,IAAI,CAAC,KAAK,CAAC,GAAG,CAAC,CAAC,CAAC,CAAC,CAAC,CAAC;aACvD;iBAAM;gBACH,oDAAO,MAAI,QAAQ,SAAI,IAAI,CAAC,KAAK,CAAC,GAAG,CAAC,CAAC,CAAC,CAAG,MACtC,IAAI,CAAC,UAAC,KAAK;oBACR,KAAK,GAAG,KAAK,CAAC,OAAO,CAAC,MAAM,CAAC;oBAC7B,KAAI,CAAC,MAAM,CAAC,GAAG,CAAC,GAAG,EAAE,KAAK,CAAC,CAAC;gBAChC,CAAC,CAAC;qBACD,KAAK,CAAC,UAAC,CAAC;oBACL,OAAO,CAAC,GAAG,CAAC,CAAC,CAAC,CAAC;oBACf,MAAM,KAAK,CAAC,cAAc,CAAC,CAAC;gBAChC,CAAC,CAAC,CAAC;aACV;QACL,CAAC,CACJ,CAAC;IACV,CAAC;IAEL,eAAC;AAAD,CAAC,AArDD,IAqDC"},"all":true},"D:\\code\\learn\\vue-assemble-ui-node\\dist\\services\\usersServices\\usersSercicesImp.js":{"path":"D:\\code\\learn\\vue-assemble-ui-node\\dist\\services\\usersServices\\usersSercicesImp.js","statementMap":{"0":{"start":{"line":2,"column":0},"end":{"line":2,"column":62}}},"fnMap":{},"branchMap":{},"s":{"0":0},"f":{},"b":{},"inputSourceMap":{"version":3,"file":"usersSercicesImp.js","sourceRoot":"","sources":["../../../app/services/usersServices/usersSercicesImp.ts"],"names":[],"mappings":""},"all":true},"D:\\code\\learn\\vue-assemble-ui-node\\dist\\services\\usersServices\\usersServices.js":{"path":"D:\\code\\learn\\vue-assemble-ui-node\\dist\\services\\usersServices\\usersServices.js","statementMap":{"0":{"start":{"line":2,"column":17},"end":{"line":7,"column":1}},"1":{"start":{"line":3,"column":12},"end":{"line":3,"column":28}},"2":{"start":{"line":3,"column":34},"end":{"line":3,"column":125}},"3":{"start":{"line":4,"column":4},"end":{"line":5,"column":150}},"4":{"start":{"line":4,"column":79},"end":{"line":4,"column":131}},"5":{"start":{"line":5,"column":9},"end":{"line":5,"column":150}},"6":{"start":{"line":5,"column":22},"end":{"line":5,"column":43}},"7":{"start":{"line":5,"column":58},"end":{"line":5,"column":150}},"8":{"start":{"line":5,"column":81},"end":{"line":5,"column":150}},"9":{"start":{"line":6,"column":4},"end":{"line":6,"column":66}},"10":{"start":{"line":8,"column":17},"end":{"line":10,"column":1}},"11":{"start":{"line":9,"column":4},"end":{"line":9,"column":109}},"12":{"start":{"line":9,"column":79},"end":{"line":9,"column":109}},"13":{"start":{"line":11,"column":0},"end":{"line":11,"column":62}},"14":{"start":{"line":12,"column":17},"end":{"line":12,"column":53}},"15":{"start":{"line":13,"column":35},"end":{"line":47,"column":3}},"16":{"start":{"line":22,"column":4},"end":{"line":25,"column":6}},"17":{"start":{"line":23,"column":8},"end":{"line":23,"column":30}},"18":{"start":{"line":24,"column":8},"end":{"line":24,"column":26}},"19":{"start":{"line":30,"column":4},"end":{"line":33,"column":6}},"20":{"start":{"line":31,"column":8},"end":{"line":31,"column":30}},"21":{"start":{"line":32,"column":8},"end":{"line":32,"column":20}},"22":{"start":{"line":34,"column":4},"end":{"line":39,"column":53}},"23":{"start":{"line":40,"column":4},"end":{"line":45,"column":56}},"24":{"start":{"line":46,"column":4},"end":{"line":46,"column":25}},"25":{"start":{"line":48,"column":0},"end":{"line":48,"column":32}}},"fnMap":{"0":{"name":"(anonymous_0)","decl":{"start":{"line":2,"column":46},"end":{"line":2,"column":47}},"loc":{"start":{"line":2,"column":87},"end":{"line":7,"column":1}},"line":2},"1":{"name":"(anonymous_1)","decl":{"start":{"line":8,"column":46},"end":{"line":8,"column":47}},"loc":{"start":{"line":8,"column":62},"end":{"line":10,"column":1}},"line":8},"2":{"name":"(anonymous_2)","decl":{"start":{"line":13,"column":35},"end":{"line":13,"column":36}},"loc":{"start":{"line":13,"column":47},"end":{"line":47,"column":1}},"line":13},"3":{"name":"UsersServices","decl":{"start":{"line":14,"column":13},"end":{"line":14,"column":26}},"loc":{"start":{"line":14,"column":29},"end":{"line":15,"column":5}},"line":14},"4":{"name":"(anonymous_4)","decl":{"start":{"line":22,"column":42},"end":{"line":22,"column":43}},"loc":{"start":{"line":22,"column":67},"end":{"line":25,"column":5}},"line":22},"5":{"name":"(anonymous_5)","decl":{"start":{"line":30,"column":45},"end":{"line":30,"column":46}},"loc":{"start":{"line":30,"column":57},"end":{"line":33,"column":5}},"line":30}},"branchMap":{"0":{"loc":{"start":{"line":2,"column":17},"end":{"line":7,"column":1}},"type":"binary-expr","locations":[{"start":{"line":2,"column":18},"end":{"line":2,"column":22}},{"start":{"line":2,"column":26},"end":{"line":2,"column":41}},{"start":{"line":2,"column":46},"end":{"line":7,"column":1}}],"line":2},"1":{"loc":{"start":{"line":3,"column":34},"end":{"line":3,"column":125}},"type":"cond-expr","locations":[{"start":{"line":3,"column":42},"end":{"line":3,"column":48}},{"start":{"line":3,"column":51},"end":{"line":3,"column":125}}],"line":3},"2":{"loc":{"start":{"line":3,"column":51},"end":{"line":3,"column":125}},"type":"cond-expr","locations":[{"start":{"line":3,"column":67},"end":{"line":3,"column":118}},{"start":{"line":3,"column":121},"end":{"line":3,"column":125}}],"line":3},"3":{"loc":{"start":{"line":4,"column":4},"end":{"line":5,"column":150}},"type":"if","locations":[{"start":{"line":4,"column":4},"end":{"line":5,"column":150}},{"start":{"line":4,"column":4},"end":{"line":5,"column":150}}],"line":4},"4":{"loc":{"start":{"line":4,"column":8},"end":{"line":4,"column":77}},"type":"binary-expr","locations":[{"start":{"line":4,"column":8},"end":{"line":4,"column":35}},{"start":{"line":4,"column":39},"end":{"line":4,"column":77}}],"line":4},"5":{"loc":{"start":{"line":5,"column":58},"end":{"line":5,"column":150}},"type":"if","locations":[{"start":{"line":5,"column":58},"end":{"line":5,"column":150}},{"start":{"line":5,"column":58},"end":{"line":5,"column":150}}],"line":5},"6":{"loc":{"start":{"line":5,"column":85},"end":{"line":5,"column":149}},"type":"binary-expr","locations":[{"start":{"line":5,"column":86},"end":{"line":5,"column":143}},{"start":{"line":5,"column":148},"end":{"line":5,"column":149}}],"line":5},"7":{"loc":{"start":{"line":5,"column":86},"end":{"line":5,"column":143}},"type":"cond-expr","locations":[{"start":{"line":5,"column":94},"end":{"line":5,"column":98}},{"start":{"line":5,"column":101},"end":{"line":5,"column":143}}],"line":5},"8":{"loc":{"start":{"line":5,"column":101},"end":{"line":5,"column":143}},"type":"cond-expr","locations":[{"start":{"line":5,"column":109},"end":{"line":5,"column":126}},{"start":{"line":5,"column":129},"end":{"line":5,"column":143}}],"line":5},"9":{"loc":{"start":{"line":6,"column":11},"end":{"line":6,"column":62}},"type":"binary-expr","locations":[{"start":{"line":6,"column":11},"end":{"line":6,"column":16}},{"start":{"line":6,"column":20},"end":{"line":6,"column":21}},{"start":{"line":6,"column":25},"end":{"line":6,"column":62}}],"line":6},"10":{"loc":{"start":{"line":8,"column":17},"end":{"line":10,"column":1}},"type":"binary-expr","locations":[{"start":{"line":8,"column":18},"end":{"line":8,"column":22}},{"start":{"line":8,"column":26},"end":{"line":8,"column":41}},{"start":{"line":8,"column":46},"end":{"line":10,"column":1}}],"line":8},"11":{"loc":{"start":{"line":9,"column":4},"end":{"line":9,"column":109}},"type":"if","locations":[{"start":{"line":9,"column":4},"end":{"line":9,"column":109}},{"start":{"line":9,"column":4},"end":{"line":9,"column":109}}],"line":9},"12":{"loc":{"start":{"line":9,"column":8},"end":{"line":9,"column":77}},"type":"binary-expr","locations":[{"start":{"line":9,"column":8},"end":{"line":9,"column":35}},{"start":{"line":9,"column":39},"end":{"line":9,"column":77}}],"line":9}},"s":{"0":0,"1":0,"2":0,"3":0,"4":0,"5":0,"6":0,"7":0,"8":0,"9":0,"10":0,"11":0,"12":0,"13":0,"14":0,"15":0,"16":0,"17":0,"18":0,"19":0,"20":0,"21":0,"22":0,"23":0,"24":0,"25":0},"f":{"0":0,"1":0,"2":0,"3":0,"4":0,"5":0},"b":{"0":[0,0,0],"1":[0,0],"2":[0,0],"3":[0,0],"4":[0,0],"5":[0,0],"6":[0,0],"7":[0,0],"8":[0,0],"9":[0,0,0],"10":[0,0,0],"11":[0,0],"12":[0,0]},"inputSourceMap":{"version":3,"file":"usersServices.js","sourceRoot":"","sources":["../../../app/services/usersServices/usersServices.ts"],"names":[],"mappings":";;;;;;;;;;;AAAA,sDAAiD;AAGjD;IAAA;IAuBA,CAAC;IArBG;;;;;OAKG;IAEH,mCAAW,GAAX,UAAY,MAAc,EAAE,KAAc;QACtC,OAAO,CAAC,GAAG,CAAC,QAAQ,CAAC,CAAC;QACtB,OAAO,CAAC,GAAG,EAAE,GAAG,CAAC,CAAC;IACtB,CAAC;IAED;;;OAGG;IAEH,sCAAc,GAAd;QACI,OAAO,CAAC,GAAG,CAAC,QAAQ,CAAC,CAAC;QACtB,OAAO,IAAI,CAAC;IAChB,CAAC;IAbD;QADC,kBAAQ,CAAC,SAAS,CAAC,SAAS,EAAE,eAAe,CAAC;;;;oDAI9C;IAOD;QADC,kBAAQ,CAAC,UAAU,CAAC,SAAS,CAAC;;;;uDAI9B;IACL,oBAAC;CAAA,AAvBD,IAuBC;kBAvBoB,aAAa"},"all":true},"D:\\code\\learn\\vue-assemble-ui-node\\dist\\template\\defaultIframe.js":{"path":"D:\\code\\learn\\vue-assemble-ui-node\\dist\\template\\defaultIframe.js","statementMap":{"0":{"start":{"line":2,"column":0},"end":{"line":2,"column":62}},"1":{"start":{"line":8,"column":16},"end":{"line":20,"column":27}},"2":{"start":{"line":21,"column":14},"end":{"line":22,"column":15}},"3":{"start":{"line":23,"column":34},"end":{"line":29,"column":3}},"4":{"start":{"line":26,"column":4},"end":{"line":26,"column":39}},"5":{"start":{"line":27,"column":4},"end":{"line":27,"column":35}},"6":{"start":{"line":28,"column":4},"end":{"line":28,"column":24}},"7":{"start":{"line":30,"column":0},"end":{"line":30,"column":31}}},"fnMap":{"0":{"name":"(anonymous_0)","decl":{"start":{"line":23,"column":34},"end":{"line":23,"column":35}},"loc":{"start":{"line":23,"column":46},"end":{"line":29,"column":1}},"line":23},"1":{"name":"TemplateHTML","decl":{"start":{"line":24,"column":13},"end":{"line":24,"column":25}},"loc":{"start":{"line":24,"column":28},"end":{"line":25,"column":5}},"line":24}},"branchMap":{},"s":{"0":0,"1":0,"2":0,"3":0,"4":0,"5":0,"6":0,"7":0},"f":{"0":0,"1":0},"b":{},"inputSourceMap":{"version":3,"file":"defaultIframe.js","sourceRoot":"","sources":["../../app/template/defaultIframe.ts"],"names":[],"mappings":";;AAAA;;;;EAIE;AACF,IAAM,SAAS,GAAG,mBAAmB;IACjC,oBAAoB;IACpB,cAAc;IACd,oCAAoC;IACpC,mEAAmE;IACnE,0DAA0D;IAC1D,mFAAmF;IACnF,+BAA+B;IAC/B,eAAe;IACf,cAAc;IACd,sBAAsB;IACtB,yKAAyK;IACzK,uBAAuB,CAAC;AAE5B,IAAM,OAAO,GAAG,eAAe;IAC3B,WAAW,CAAC;AAEhB;IAAA;IAGA,CAAC;IAFU,sBAAS,GAAW,SAAS,CAAA;IAC7B,oBAAO,GAAW,OAAO,CAAA;IACpC,mBAAC;CAAA,AAHD,IAGC;kBAHoB,YAAY"},"all":true}}